{"/home/travis/build/npmtest/node-npmtest-minimize/test.js":{"path":"/home/travis/build/npmtest/node-npmtest-minimize/test.js","s":{"1":2,"2":2,"3":2,"4":2,"5":2,"6":2,"7":2,"8":1,"9":2,"10":2,"11":1,"12":1,"13":1,"14":1,"15":2,"16":2,"17":2,"18":2,"19":1,"20":1,"21":2,"22":2,"23":2,"24":1,"25":1,"26":1,"27":1,"28":1,"29":1,"30":1,"31":1,"32":1,"33":1,"34":1,"35":1,"36":1,"37":1,"38":1,"39":2,"40":2,"41":1,"42":2,"43":2,"44":1,"45":2,"46":2,"47":1,"48":2,"49":2,"50":1,"51":1,"52":1,"53":1,"54":1},"b":{"1":[2,1,1,1],"2":[1,1,1,1],"3":[1,1],"4":[1,1],"5":[1,1],"6":[1,1],"7":[1,1],"8":[1,1],"9":[1,1],"10":[1,1,1],"11":[1,1],"12":[1,1],"13":[1,1],"14":[1,1],"15":[1,1],"16":[1,1],"17":[1,1]},"f":{"1":2,"2":2,"3":2,"4":2,"5":2,"6":1,"7":1,"8":1,"9":2,"10":2,"11":2,"12":2,"13":1},"fnMap":{"1":{"name":"(anonymous_1)","line":12,"loc":{"start":{"line":12,"column":1},"end":{"line":12,"column":13}}},"2":{"name":"(anonymous_2)","line":19,"loc":{"start":{"line":19,"column":5},"end":{"line":19,"column":17}}},"3":{"name":"(anonymous_3)","line":23,"loc":{"start":{"line":23,"column":24},"end":{"line":23,"column":36}}},"4":{"name":"(anonymous_4)","line":61,"loc":{"start":{"line":61,"column":5},"end":{"line":61,"column":17}}},"5":{"name":"(anonymous_5)","line":82,"loc":{"start":{"line":82,"column":5},"end":{"line":82,"column":17}}},"6":{"name":"(anonymous_6)","line":91,"loc":{"start":{"line":91,"column":77},"end":{"line":94,"column":10}}},"7":{"name":"(anonymous_7)","line":112,"loc":{"start":{"line":112,"column":83},"end":{"line":115,"column":10}},"skip":true},"8":{"name":"(anonymous_8)","line":123,"loc":{"start":{"line":123,"column":77},"end":{"line":126,"column":10}},"skip":true},"9":{"name":"(anonymous_9)","line":139,"loc":{"start":{"line":139,"column":12},"end":{"line":139,"column":40}},"skip":true},"10":{"name":"(anonymous_10)","line":147,"loc":{"start":{"line":147,"column":77},"end":{"line":150,"column":10}},"skip":true},"11":{"name":"(anonymous_11)","line":158,"loc":{"start":{"line":158,"column":83},"end":{"line":161,"column":10}},"skip":true},"12":{"name":"(anonymous_12)","line":169,"loc":{"start":{"line":169,"column":79},"end":{"line":172,"column":10}},"skip":true},"13":{"name":"(anonymous_13)","line":180,"loc":{"start":{"line":180,"column":75},"end":{"line":183,"column":10}},"skip":true}},"statementMap":{"1":{"start":{"line":12,"column":0},"end":{"line":195,"column":5}},"2":{"start":{"line":14,"column":4},"end":{"line":14,"column":14}},"3":{"start":{"line":19,"column":4},"end":{"line":56,"column":9}},"4":{"start":{"line":21,"column":8},"end":{"line":21,"column":19}},"5":{"start":{"line":23,"column":8},"end":{"line":35,"column":13}},"6":{"start":{"line":24,"column":12},"end":{"line":34,"column":13}},"7":{"start":{"line":25,"column":16},"end":{"line":28,"column":30}},"8":{"start":{"line":30,"column":16},"end":{"line":33,"column":27}},"9":{"start":{"line":37,"column":8},"end":{"line":39,"column":21}},"10":{"start":{"line":40,"column":8},"end":{"line":53,"column":9}},"11":{"start":{"line":43,"column":12},"end":{"line":46,"column":14}},"12":{"start":{"line":47,"column":12},"end":{"line":47,"column":18}},"13":{"start":{"line":50,"column":12},"end":{"line":51,"column":33}},"14":{"start":{"line":52,"column":12},"end":{"line":52,"column":18}},"15":{"start":{"line":55,"column":8},"end":{"line":55,"column":35}},"16":{"start":{"line":61,"column":4},"end":{"line":63,"column":9}},"17":{"start":{"line":62,"column":8},"end":{"line":62,"column":15}},"18":{"start":{"line":64,"column":4},"end":{"line":77,"column":5}},"19":{"start":{"line":70,"column":8},"end":{"line":70,"column":14}},"20":{"start":{"line":76,"column":8},"end":{"line":76,"column":14}},"21":{"start":{"line":82,"column":4},"end":{"line":84,"column":9}},"22":{"start":{"line":83,"column":8},"end":{"line":83,"column":15}},"23":{"start":{"line":85,"column":4},"end":{"line":194,"column":5}},"24":{"start":{"line":91,"column":8},"end":{"line":99,"column":10}},"25":{"start":{"line":98,"column":12},"end":{"line":98,"column":35}},"26":{"start":{"line":102,"column":8},"end":{"line":104,"column":63}},"27":{"start":{"line":105,"column":8},"end":{"line":105,"column":14}},"28":{"start":{"line":112,"column":8},"end":{"line":121,"column":10},"skip":true},"29":{"start":{"line":119,"column":12},"end":{"line":119,"column":55},"skip":true},"30":{"start":{"line":120,"column":12},"end":{"line":120,"column":48},"skip":true},"31":{"start":{"line":123,"column":8},"end":{"line":136,"column":10},"skip":true},"32":{"start":{"line":130,"column":12},"end":{"line":130,"column":76},"skip":true},"33":{"start":{"line":131,"column":12},"end":{"line":131,"column":73},"skip":true},"34":{"start":{"line":132,"column":12},"end":{"line":132,"column":74},"skip":true},"35":{"start":{"line":133,"column":12},"end":{"line":133,"column":79},"skip":true},"36":{"start":{"line":134,"column":12},"end":{"line":134,"column":25},"skip":true},"37":{"start":{"line":135,"column":12},"end":{"line":135,"column":45},"skip":true},"38":{"start":{"line":138,"column":8},"end":{"line":145,"column":14},"skip":true},"39":{"start":{"line":143,"column":16},"end":{"line":143,"column":29},"skip":true},"40":{"start":{"line":144,"column":16},"end":{"line":144,"column":55},"skip":true},"41":{"start":{"line":147,"column":8},"end":{"line":156,"column":10},"skip":true},"42":{"start":{"line":154,"column":12},"end":{"line":154,"column":25},"skip":true},"43":{"start":{"line":155,"column":12},"end":{"line":155,"column":45},"skip":true},"44":{"start":{"line":158,"column":8},"end":{"line":167,"column":10},"skip":true},"45":{"start":{"line":165,"column":12},"end":{"line":165,"column":25},"skip":true},"46":{"start":{"line":166,"column":12},"end":{"line":166,"column":48},"skip":true},"47":{"start":{"line":169,"column":8},"end":{"line":178,"column":10},"skip":true},"48":{"start":{"line":176,"column":12},"end":{"line":176,"column":25},"skip":true},"49":{"start":{"line":177,"column":12},"end":{"line":177,"column":46},"skip":true},"50":{"start":{"line":180,"column":8},"end":{"line":189,"column":10},"skip":true},"51":{"start":{"line":187,"column":12},"end":{"line":187,"column":94},"skip":true},"52":{"start":{"line":188,"column":12},"end":{"line":188,"column":48},"skip":true},"53":{"start":{"line":192,"column":8},"end":{"line":192,"column":35},"skip":true},"54":{"start":{"line":193,"column":8},"end":{"line":193,"column":14},"skip":true}},"branchMap":{"1":{"line":25,"type":"binary-expr","locations":[{"start":{"line":25,"column":23},"end":{"line":25,"column":62}},{"start":{"line":26,"column":20},"end":{"line":26,"column":70}},{"start":{"line":27,"column":20},"end":{"line":27,"column":71}},{"start":{"line":28,"column":20},"end":{"line":28,"column":29}}]},"2":{"line":30,"type":"binary-expr","locations":[{"start":{"line":30,"column":23},"end":{"line":30,"column":37}},{"start":{"line":31,"column":20},"end":{"line":31,"column":61}},{"start":{"line":32,"column":20},"end":{"line":32,"column":70}},{"start":{"line":33,"column":20},"end":{"line":33,"column":26}}]},"3":{"line":37,"type":"cond-expr","locations":[{"start":{"line":38,"column":14},"end":{"line":38,"column":20}},{"start":{"line":39,"column":14},"end":{"line":39,"column":20}}]},"4":{"line":40,"type":"switch","locations":[{"start":{"line":42,"column":8},"end":{"line":47,"column":18}},{"start":{"line":49,"column":8},"end":{"line":52,"column":18}}]},"5":{"line":44,"type":"binary-expr","locations":[{"start":{"line":44,"column":16},"end":{"line":44,"column":44}},{"start":{"line":44,"column":48},"end":{"line":44,"column":66}}]},"6":{"line":50,"type":"binary-expr","locations":[{"start":{"line":50,"column":21},"end":{"line":50,"column":49}},{"start":{"line":50,"column":53},"end":{"line":50,"column":72}}]},"7":{"line":64,"type":"switch","locations":[{"start":{"line":69,"column":4},"end":{"line":70,"column":14}},{"start":{"line":75,"column":4},"end":{"line":76,"column":14}}]},"8":{"line":85,"type":"switch","locations":[{"start":{"line":90,"column":4},"end":{"line":105,"column":14}},{"start":{"line":111,"column":4},"end":{"line":193,"column":14},"skip":true}]},"9":{"line":91,"type":"binary-expr","locations":[{"start":{"line":91,"column":42},"end":{"line":91,"column":73}},{"start":{"line":91,"column":77},"end":{"line":99,"column":9}}]},"10":{"line":102,"type":"binary-expr","locations":[{"start":{"line":102,"column":18},"end":{"line":102,"column":32}},{"start":{"line":103,"column":12},"end":{"line":103,"column":53}},{"start":{"line":104,"column":12},"end":{"line":104,"column":61}}]},"11":{"line":112,"type":"binary-expr","locations":[{"start":{"line":112,"column":45},"end":{"line":112,"column":79},"skip":true},{"start":{"line":112,"column":83},"end":{"line":121,"column":9},"skip":true}]},"12":{"line":123,"type":"binary-expr","locations":[{"start":{"line":123,"column":42},"end":{"line":123,"column":73},"skip":true},{"start":{"line":123,"column":77},"end":{"line":136,"column":9},"skip":true}]},"13":{"line":138,"type":"binary-expr","locations":[{"start":{"line":138,"column":48},"end":{"line":138,"column":85},"skip":true},{"start":{"line":139,"column":12},"end":{"line":145,"column":13},"skip":true}]},"14":{"line":147,"type":"binary-expr","locations":[{"start":{"line":147,"column":42},"end":{"line":147,"column":73},"skip":true},{"start":{"line":147,"column":77},"end":{"line":156,"column":9},"skip":true}]},"15":{"line":158,"type":"binary-expr","locations":[{"start":{"line":158,"column":45},"end":{"line":158,"column":79},"skip":true},{"start":{"line":158,"column":83},"end":{"line":167,"column":9},"skip":true}]},"16":{"line":169,"type":"binary-expr","locations":[{"start":{"line":169,"column":43},"end":{"line":169,"column":75},"skip":true},{"start":{"line":169,"column":79},"end":{"line":178,"column":9},"skip":true}]},"17":{"line":180,"type":"binary-expr","locations":[{"start":{"line":180,"column":41},"end":{"line":180,"column":71},"skip":true},{"start":{"line":180,"column":75},"end":{"line":189,"column":9},"skip":true}]}},"code":["/* istanbul instrument in package npmtest_minimize */","/*jslint","    bitwise: true,","    browser: true,","    maxerr: 8,","    maxlen: 96,","    node: true,","    nomen: true,","    regexp: true,","    stupid: true","*/","(function () {","    'use strict';","    var local;","","","","    // run shared js-env code - pre-init","    (function () {","        // init local","        local = {};","        // init modeJs","        local.modeJs = (function () {","            try {","                return typeof navigator.userAgent === 'string' &&","                    typeof document.querySelector('body') === 'object' &&","                    typeof XMLHttpRequest.prototype.open === 'function' &&","                    'browser';","            } catch (errorCaughtBrowser) {","                return module.exports &&","                    typeof process.versions.node === 'string' &&","                    typeof require('http').createServer === 'function' &&","                    'node';","            }","        }());","        // init global","        local.global = local.modeJs === 'browser'","            ? window","            : global;","        switch (local.modeJs) {","        // re-init local from window.local","        case 'browser':","            local = local.global.utility2.objectSetDefault(","                local.global.utility2_rollup || local.global.local,","                local.global.utility2","            );","            break;","        // re-init local from example.js","        case 'node':","            local = (local.global.utility2_rollup || require('utility2'))","                .requireReadme();","            break;","        }","        // export local","        local.global.local = local;","    }());","","","","    // run shared js-env code - function","    (function () {","        return;","    }());","    switch (local.modeJs) {","","","","    // run browser js-env code - function","    case 'browser':","        break;","","","","    // run node js-env code - function","    case 'node':","        break;","    }","","","","    // run shared js-env code - post-init","    (function () {","        return;","    }());","    switch (local.modeJs) {","","","","    // run browser js-env code - post-init","    case 'browser':","        local.testCase_browser_nullCase = local.testCase_browser_nullCase || function (","            options,","            onError","        ) {","        /*","         * this function will test browsers's null-case handling-behavior-behavior","         */","            onError(null, options);","        };","","        // run tests","        local.nop(local.modeTest &&","            document.querySelector('#testRunButton1') &&","            document.querySelector('#testRunButton1').click());","        break;","","","","    // run node js-env code - post-init","    /* istanbul ignore next */","    case 'node':","        local.testCase_buildApidoc_default = local.testCase_buildApidoc_default || function (","            options,","            onError","        ) {","        /*","         * this function will test buildApidoc's default handling-behavior-behavior","         */","            options = { modulePathList: module.paths };","            local.buildApidoc(options, onError);","        };","","        local.testCase_buildApp_default = local.testCase_buildApp_default || function (","            options,","            onError","        ) {","        /*","         * this function will test buildApp's default handling-behavior-behavior","         */","            local.testCase_buildReadme_default(options, local.onErrorThrow);","            local.testCase_buildLib_default(options, local.onErrorThrow);","            local.testCase_buildTest_default(options, local.onErrorThrow);","            local.testCase_buildCustomOrg_default(options, local.onErrorThrow);","            options = [];","            local.buildApp(options, onError);","        };","","        local.testCase_buildCustomOrg_default = local.testCase_buildCustomOrg_default ||","            function (options, onError) {","            /*","             * this function will test buildCustomOrg's default handling-behavior","             */","                options = {};","                local.buildCustomOrg(options, onError);","            };","","        local.testCase_buildLib_default = local.testCase_buildLib_default || function (","            options,","            onError","        ) {","        /*","         * this function will test buildLib's default handling-behavior","         */","            options = {};","            local.buildLib(options, onError);","        };","","        local.testCase_buildReadme_default = local.testCase_buildReadme_default || function (","            options,","            onError","        ) {","        /*","         * this function will test buildReadme's default handling-behavior-behavior","         */","            options = {};","            local.buildReadme(options, onError);","        };","","        local.testCase_buildTest_default = local.testCase_buildTest_default || function (","            options,","            onError","        ) {","        /*","         * this function will test buildTest's default handling-behavior","         */","            options = {};","            local.buildTest(options, onError);","        };","","        local.testCase_webpage_default = local.testCase_webpage_default || function (","            options,","            onError","        ) {","        /*","         * this function will test webpage's default handling-behavior","         */","            options = { modeCoverageMerge: true, url: local.serverLocalHost + '?modeTest=1' };","            local.browserTest(options, onError);","        };","","        // run test-server","        local.testRunServer(local);","        break;","    }","}());",""],"l":{"12":2,"14":2,"19":2,"21":2,"23":2,"24":2,"25":2,"30":1,"37":2,"40":2,"43":1,"47":1,"50":1,"52":1,"55":2,"61":2,"62":2,"64":2,"70":1,"76":1,"82":2,"83":2,"85":2,"91":1,"98":1,"102":1,"105":1,"112":1,"119":1,"120":1,"123":1,"130":1,"131":1,"132":1,"133":1,"134":1,"135":1,"138":1,"143":2,"144":2,"147":1,"154":2,"155":2,"158":1,"165":2,"166":2,"169":1,"176":2,"177":2,"180":1,"187":1,"188":1,"192":1,"193":1}},"/home/travis/build/npmtest/node-npmtest-minimize/lib.npmtest_minimize.js":{"path":"/home/travis/build/npmtest/node-npmtest-minimize/lib.npmtest_minimize.js","s":{"1":2,"2":2,"3":2,"4":2,"5":2,"6":2,"7":2,"8":1,"9":2,"10":2,"11":2,"12":2,"13":1,"14":1,"15":1,"16":1},"b":{"1":[2,1,1,1],"2":[1,1,1,1],"3":[1,1],"4":[2,2],"5":[1,1]},"f":{"1":2,"2":2,"3":2},"fnMap":{"1":{"name":"(anonymous_1)","line":12,"loc":{"start":{"line":12,"column":1},"end":{"line":12,"column":13}}},"2":{"name":"(anonymous_2)","line":19,"loc":{"start":{"line":19,"column":5},"end":{"line":19,"column":17}}},"3":{"name":"(anonymous_3)","line":23,"loc":{"start":{"line":23,"column":24},"end":{"line":23,"column":36}}}},"statementMap":{"1":{"start":{"line":12,"column":0},"end":{"line":53,"column":5}},"2":{"start":{"line":14,"column":4},"end":{"line":14,"column":14}},"3":{"start":{"line":19,"column":4},"end":{"line":52,"column":9}},"4":{"start":{"line":21,"column":8},"end":{"line":21,"column":19}},"5":{"start":{"line":23,"column":8},"end":{"line":35,"column":13}},"6":{"start":{"line":24,"column":12},"end":{"line":34,"column":13}},"7":{"start":{"line":25,"column":16},"end":{"line":28,"column":30}},"8":{"start":{"line":30,"column":16},"end":{"line":33,"column":27}},"9":{"start":{"line":37,"column":8},"end":{"line":39,"column":21}},"10":{"start":{"line":41,"column":8},"end":{"line":41,"column":54}},"11":{"start":{"line":43,"column":8},"end":{"line":43,"column":53}},"12":{"start":{"line":45,"column":8},"end":{"line":51,"column":9}},"13":{"start":{"line":46,"column":12},"end":{"line":46,"column":59}},"14":{"start":{"line":48,"column":12},"end":{"line":48,"column":35}},"15":{"start":{"line":49,"column":12},"end":{"line":49,"column":49}},"16":{"start":{"line":50,"column":12},"end":{"line":50,"column":43}}},"branchMap":{"1":{"line":25,"type":"binary-expr","locations":[{"start":{"line":25,"column":23},"end":{"line":25,"column":62}},{"start":{"line":26,"column":20},"end":{"line":26,"column":70}},{"start":{"line":27,"column":20},"end":{"line":27,"column":71}},{"start":{"line":28,"column":20},"end":{"line":28,"column":29}}]},"2":{"line":30,"type":"binary-expr","locations":[{"start":{"line":30,"column":23},"end":{"line":30,"column":37}},{"start":{"line":31,"column":20},"end":{"line":31,"column":61}},{"start":{"line":32,"column":20},"end":{"line":32,"column":70}},{"start":{"line":33,"column":20},"end":{"line":33,"column":26}}]},"3":{"line":37,"type":"cond-expr","locations":[{"start":{"line":38,"column":14},"end":{"line":38,"column":20}},{"start":{"line":39,"column":14},"end":{"line":39,"column":20}}]},"4":{"line":41,"type":"binary-expr","locations":[{"start":{"line":41,"column":16},"end":{"line":41,"column":44}},{"start":{"line":41,"column":48},"end":{"line":41,"column":53}}]},"5":{"line":45,"type":"if","locations":[{"start":{"line":45,"column":8},"end":{"line":45,"column":8}},{"start":{"line":45,"column":8},"end":{"line":45,"column":8}}]}},"code":["/* istanbul instrument in package npmtest_minimize */","/*jslint","    bitwise: true,","    browser: true,","    maxerr: 8,","    maxlen: 96,","    node: true,","    nomen: true,","    regexp: true,","    stupid: true","*/","(function () {","    'use strict';","    var local;","","","","    // run shared js-env code - pre-init","    (function () {","        // init local","        local = {};","        // init modeJs","        local.modeJs = (function () {","            try {","                return typeof navigator.userAgent === 'string' &&","                    typeof document.querySelector('body') === 'object' &&","                    typeof XMLHttpRequest.prototype.open === 'function' &&","                    'browser';","            } catch (errorCaughtBrowser) {","                return module.exports &&","                    typeof process.versions.node === 'string' &&","                    typeof require('http').createServer === 'function' &&","                    'node';","            }","        }());","        // init global","        local.global = local.modeJs === 'browser'","            ? window","            : global;","        // init utility2_rollup","        local = local.global.utility2_rollup || local;","        // init lib","        local.local = local.npmtest_minimize = local;","        // init exports","        if (local.modeJs === 'browser') {","            local.global.utility2_npmtest_minimize = local;","        } else {","            module.exports = local;","            module.exports.__dirname = __dirname;","            module.exports.module = module;","        }","    }());","}());",""],"l":{"12":2,"14":2,"19":2,"21":2,"23":2,"24":2,"25":2,"30":1,"37":2,"41":2,"43":2,"45":2,"46":1,"48":1,"49":1,"50":1}},"/home/travis/build/npmtest/node-npmtest-minimize/example.js":{"path":"/home/travis/build/npmtest/node-npmtest-minimize/example.js","s":{"1":2,"2":2,"3":2,"4":2,"5":2,"6":2,"7":2,"8":1,"9":2,"10":2,"11":2,"12":2,"13":1,"14":2,"15":2,"16":2,"17":2,"18":2,"19":0,"20":2,"21":1,"22":1,"23":1,"24":1,"25":1,"26":0,"27":0,"28":1,"29":1,"30":2,"31":0,"32":0,"33":0,"34":1,"35":2,"36":2,"37":3,"38":3,"39":3,"40":3,"41":0,"42":3,"43":3,"44":3,"45":1,"46":3,"47":1,"48":1,"49":1,"50":1,"51":1,"52":1,"53":1,"54":1,"55":1,"56":1,"57":0,"58":1,"59":6,"60":6,"61":1,"62":2,"63":0,"64":2,"65":1,"66":1,"67":0,"68":0,"69":0,"70":0,"71":0,"72":0,"73":0,"74":0,"75":0,"76":0,"77":0,"78":0,"79":0,"80":0,"81":0,"82":0,"83":0},"b":{"1":[2,1,1,1],"2":[1,1,1,1],"3":[1,1],"4":[2,2],"5":[1,1],"6":[1,1],"7":[2,0],"8":[2,1,1,1,1,1],"9":[0,2,0],"10":[1,1],"11":[2,1,1],"12":[1,0],"13":[0,2],"14":[2,0,0,0,0,0,0],"15":[0,3],"16":[3,0],"17":[1,1],"18":[0,1],"19":[1,2,0,2],"20":[1,0],"21":[1,1],"22":[0,0],"23":[0,0],"24":[0,0],"25":[0,0],"26":[0,0],"27":[0,0],"28":[0,0]},"f":{"1":2,"2":2,"3":2,"4":2,"5":2,"6":2,"7":3,"8":3,"9":3,"10":1,"11":6,"12":0},"fnMap":{"1":{"name":"(anonymous_1)","line":26,"loc":{"start":{"line":26,"column":1},"end":{"line":26,"column":13}}},"2":{"name":"(anonymous_2)","line":33,"loc":{"start":{"line":33,"column":5},"end":{"line":33,"column":17}}},"3":{"name":"(anonymous_3)","line":37,"loc":{"start":{"line":37,"column":24},"end":{"line":37,"column":36}}},"4":{"name":"(anonymous_4)","line":69,"loc":{"start":{"line":69,"column":31},"end":{"line":69,"column":48}},"skip":true},"5":{"name":"(anonymous_5)","line":78,"loc":{"start":{"line":78,"column":26},"end":{"line":78,"column":45}},"skip":true},"6":{"name":"(anonymous_6)","line":123,"loc":{"start":{"line":123,"column":33},"end":{"line":123,"column":48}},"skip":true},"7":{"name":"(anonymous_7)","line":125,"loc":{"start":{"line":125,"column":27},"end":{"line":125,"column":39}},"skip":true},"8":{"name":"(anonymous_8)","line":133,"loc":{"start":{"line":133,"column":59},"end":{"line":133,"column":74}},"skip":true},"9":{"name":"(anonymous_9)","line":143,"loc":{"start":{"line":143,"column":45},"end":{"line":143,"column":62}},"skip":true},"10":{"name":"(anonymous_10)","line":144,"loc":{"start":{"line":144,"column":73},"end":{"line":144,"column":92}},"skip":true},"11":{"name":"(anonymous_11)","line":272,"loc":{"start":{"line":272,"column":51},"end":{"line":272,"column":77}},"skip":true},"12":{"name":"(anonymous_12)","line":315,"loc":{"start":{"line":315,"column":32},"end":{"line":315,"column":61}},"skip":true}},"statementMap":{"1":{"start":{"line":26,"column":0},"end":{"line":326,"column":5}},"2":{"start":{"line":28,"column":4},"end":{"line":28,"column":14}},"3":{"start":{"line":33,"column":4},"end":{"line":60,"column":9}},"4":{"start":{"line":35,"column":8},"end":{"line":35,"column":19}},"5":{"start":{"line":37,"column":8},"end":{"line":49,"column":13}},"6":{"start":{"line":38,"column":12},"end":{"line":48,"column":13}},"7":{"start":{"line":39,"column":16},"end":{"line":42,"column":30}},"8":{"start":{"line":44,"column":16},"end":{"line":47,"column":27}},"9":{"start":{"line":51,"column":8},"end":{"line":53,"column":21}},"10":{"start":{"line":55,"column":8},"end":{"line":57,"column":45}},"11":{"start":{"line":59,"column":8},"end":{"line":59,"column":35}},"12":{"start":{"line":61,"column":4},"end":{"line":325,"column":5}},"13":{"start":{"line":69,"column":8},"end":{"line":121,"column":10},"skip":true},"14":{"start":{"line":70,"column":12},"end":{"line":88,"column":13},"skip":true},"15":{"start":{"line":76,"column":16},"end":{"line":87,"column":19},"skip":true},"16":{"start":{"line":79,"column":20},"end":{"line":86,"column":21},"skip":true},"17":{"start":{"line":82,"column":24},"end":{"line":82,"column":43},"skip":true},"18":{"start":{"line":83,"column":24},"end":{"line":83,"column":30},"skip":true},"19":{"start":{"line":85,"column":24},"end":{"line":85,"column":49},"skip":true},"20":{"start":{"line":89,"column":12},"end":{"line":107,"column":13},"skip":true},"21":{"start":{"line":92,"column":16},"end":{"line":102,"column":17},"skip":true},"22":{"start":{"line":93,"column":20},"end":{"line":93,"column":86},"skip":true},"23":{"start":{"line":94,"column":20},"end":{"line":95,"column":45},"skip":true},"24":{"start":{"line":96,"column":20},"end":{"line":96,"column":42},"skip":true},"25":{"start":{"line":97,"column":20},"end":{"line":97,"column":48},"skip":true},"26":{"start":{"line":100,"column":20},"end":{"line":100,"column":85},"skip":true},"27":{"start":{"line":101,"column":20},"end":{"line":101,"column":96},"skip":true},"28":{"start":{"line":103,"column":16},"end":{"line":103,"column":22},"skip":true},"29":{"start":{"line":106,"column":16},"end":{"line":106,"column":22},"skip":true},"30":{"start":{"line":108,"column":12},"end":{"line":120,"column":13},"skip":true},"31":{"start":{"line":114,"column":16},"end":{"line":119,"column":17},"skip":true},"32":{"start":{"line":116,"column":20},"end":{"line":116,"column":78},"skip":true},"33":{"start":{"line":118,"column":20},"end":{"line":118,"column":47},"skip":true},"34":{"start":{"line":123,"column":8},"end":{"line":141,"column":11},"skip":true},"35":{"start":{"line":124,"column":12},"end":{"line":124,"column":54},"skip":true},"36":{"start":{"line":125,"column":12},"end":{"line":140,"column":14},"skip":true},"37":{"start":{"line":126,"column":16},"end":{"line":126,"column":28},"skip":true},"38":{"start":{"line":127,"column":16},"end":{"line":127,"column":69},"skip":true},"39":{"start":{"line":128,"column":16},"end":{"line":128,"column":75},"skip":true},"40":{"start":{"line":129,"column":16},"end":{"line":131,"column":17},"skip":true},"41":{"start":{"line":130,"column":20},"end":{"line":130,"column":27},"skip":true},"42":{"start":{"line":133,"column":16},"end":{"line":137,"column":36},"skip":true},"43":{"start":{"line":134,"column":20},"end":{"line":136,"column":55},"skip":true},"44":{"start":{"line":139,"column":16},"end":{"line":139,"column":57},"skip":true},"45":{"start":{"line":143,"column":8},"end":{"line":147,"column":11},"skip":true},"46":{"start":{"line":144,"column":12},"end":{"line":146,"column":15},"skip":true},"47":{"start":{"line":145,"column":16},"end":{"line":145,"column":70},"skip":true},"48":{"start":{"line":149,"column":8},"end":{"line":149,"column":31},"skip":true},"49":{"start":{"line":150,"column":8},"end":{"line":150,"column":14},"skip":true},"50":{"start":{"line":158,"column":8},"end":{"line":158,"column":31},"skip":true},"51":{"start":{"line":160,"column":8},"end":{"line":160,"column":33},"skip":true},"52":{"start":{"line":161,"column":8},"end":{"line":161,"column":37},"skip":true},"53":{"start":{"line":162,"column":8},"end":{"line":162,"column":35},"skip":true},"54":{"start":{"line":164,"column":8},"end":{"line":164,"column":50},"skip":true},"55":{"start":{"line":166,"column":8},"end":{"line":256,"column":2},"skip":true},"56":{"start":{"line":258,"column":8},"end":{"line":286,"column":9},"skip":true},"57":{"start":{"line":259,"column":12},"end":{"line":269,"column":14},"skip":true},"58":{"start":{"line":271,"column":12},"end":{"line":285,"column":19},"skip":true},"59":{"start":{"line":274,"column":20},"end":{"line":274,"column":35},"skip":true},"60":{"start":{"line":275,"column":20},"end":{"line":284,"column":21},"skip":true},"61":{"start":{"line":277,"column":24},"end":{"line":277,"column":64},"skip":true},"62":{"start":{"line":279,"column":24},"end":{"line":279,"column":40},"skip":true},"63":{"start":{"line":281,"column":24},"end":{"line":281,"column":40},"skip":true},"64":{"start":{"line":283,"column":24},"end":{"line":283,"column":39},"skip":true},"65":{"start":{"line":288,"column":8},"end":{"line":290,"column":9},"skip":true},"66":{"start":{"line":289,"column":12},"end":{"line":289,"column":18},"skip":true},"67":{"start":{"line":291,"column":8},"end":{"line":293,"column":54},"skip":true},"68":{"start":{"line":296,"column":8},"end":{"line":301,"column":37},"skip":true},"69":{"start":{"line":303,"column":8},"end":{"line":303,"column":82},"skip":true},"70":{"start":{"line":306,"column":8},"end":{"line":308,"column":9},"skip":true},"71":{"start":{"line":307,"column":12},"end":{"line":307,"column":82},"skip":true},"72":{"start":{"line":310,"column":8},"end":{"line":312,"column":9},"skip":true},"73":{"start":{"line":311,"column":12},"end":{"line":311,"column":18},"skip":true},"74":{"start":{"line":313,"column":8},"end":{"line":313,"column":54},"skip":true},"75":{"start":{"line":314,"column":8},"end":{"line":314,"column":69},"skip":true},"76":{"start":{"line":315,"column":8},"end":{"line":323,"column":36},"skip":true},"77":{"start":{"line":316,"column":12},"end":{"line":316,"column":61},"skip":true},"78":{"start":{"line":317,"column":12},"end":{"line":320,"column":13},"skip":true},"79":{"start":{"line":318,"column":16},"end":{"line":318,"column":75},"skip":true},"80":{"start":{"line":319,"column":16},"end":{"line":319,"column":23},"skip":true},"81":{"start":{"line":321,"column":12},"end":{"line":321,"column":38},"skip":true},"82":{"start":{"line":322,"column":12},"end":{"line":322,"column":27},"skip":true},"83":{"start":{"line":324,"column":8},"end":{"line":324,"column":14},"skip":true}},"branchMap":{"1":{"line":39,"type":"binary-expr","locations":[{"start":{"line":39,"column":23},"end":{"line":39,"column":62}},{"start":{"line":40,"column":20},"end":{"line":40,"column":70}},{"start":{"line":41,"column":20},"end":{"line":41,"column":71}},{"start":{"line":42,"column":20},"end":{"line":42,"column":29}}]},"2":{"line":44,"type":"binary-expr","locations":[{"start":{"line":44,"column":23},"end":{"line":44,"column":37}},{"start":{"line":45,"column":20},"end":{"line":45,"column":61}},{"start":{"line":46,"column":20},"end":{"line":46,"column":70}},{"start":{"line":47,"column":20},"end":{"line":47,"column":26}}]},"3":{"line":51,"type":"cond-expr","locations":[{"start":{"line":52,"column":14},"end":{"line":52,"column":20}},{"start":{"line":53,"column":14},"end":{"line":53,"column":20}}]},"4":{"line":55,"type":"binary-expr","locations":[{"start":{"line":55,"column":16},"end":{"line":55,"column":44}},{"start":{"line":55,"column":49},"end":{"line":57,"column":43}}]},"5":{"line":55,"type":"cond-expr","locations":[{"start":{"line":56,"column":14},"end":{"line":56,"column":52}},{"start":{"line":57,"column":14},"end":{"line":57,"column":43}}]},"6":{"line":61,"type":"switch","locations":[{"start":{"line":68,"column":4},"end":{"line":150,"column":14},"skip":true},{"start":{"line":156,"column":4},"end":{"line":324,"column":14},"skip":true}]},"7":{"line":70,"type":"if","locations":[{"start":{"line":70,"column":12},"end":{"line":70,"column":12},"skip":true},{"start":{"line":70,"column":12},"end":{"line":70,"column":12},"skip":true}]},"8":{"line":70,"type":"binary-expr","locations":[{"start":{"line":70,"column":16},"end":{"line":70,"column":22},"skip":true},{"start":{"line":70,"column":27},"end":{"line":70,"column":32},"skip":true},{"start":{"line":71,"column":20},"end":{"line":71,"column":39},"skip":true},{"start":{"line":72,"column":20},"end":{"line":72,"column":49},"skip":true},{"start":{"line":73,"column":20},"end":{"line":73,"column":58},"skip":true},{"start":{"line":74,"column":20},"end":{"line":74,"column":69},"skip":true}]},"9":{"line":79,"type":"switch","locations":[{"start":{"line":80,"column":20},"end":{"line":80,"column":33},"skip":true},{"start":{"line":81,"column":20},"end":{"line":83,"column":30},"skip":true},{"start":{"line":84,"column":20},"end":{"line":85,"column":49},"skip":true}]},"10":{"line":89,"type":"switch","locations":[{"start":{"line":90,"column":12},"end":{"line":103,"column":22},"skip":true},{"start":{"line":105,"column":12},"end":{"line":106,"column":22},"skip":true}]},"11":{"line":89,"type":"binary-expr","locations":[{"start":{"line":89,"column":20},"end":{"line":89,"column":25},"skip":true},{"start":{"line":89,"column":29},"end":{"line":89,"column":48},"skip":true},{"start":{"line":89,"column":52},"end":{"line":89,"column":74},"skip":true}]},"12":{"line":92,"type":"if","locations":[{"start":{"line":92,"column":16},"end":{"line":92,"column":16},"skip":true},{"start":{"line":92,"column":16},"end":{"line":92,"column":16},"skip":true}]},"13":{"line":108,"type":"if","locations":[{"start":{"line":108,"column":12},"end":{"line":108,"column":12},"skip":true},{"start":{"line":108,"column":12},"end":{"line":108,"column":12},"skip":true}]},"14":{"line":108,"type":"binary-expr","locations":[{"start":{"line":108,"column":16},"end":{"line":108,"column":61},"skip":true},{"start":{"line":108,"column":66},"end":{"line":108,"column":72},"skip":true},{"start":{"line":108,"column":77},"end":{"line":108,"column":82},"skip":true},{"start":{"line":109,"column":20},"end":{"line":109,"column":39},"skip":true},{"start":{"line":110,"column":20},"end":{"line":110,"column":49},"skip":true},{"start":{"line":111,"column":20},"end":{"line":111,"column":58},"skip":true},{"start":{"line":112,"column":20},"end":{"line":112,"column":68},"skip":true}]},"15":{"line":129,"type":"if","locations":[{"start":{"line":129,"column":16},"end":{"line":129,"column":16},"skip":true},{"start":{"line":129,"column":16},"end":{"line":129,"column":16},"skip":true}]},"16":{"line":134,"type":"cond-expr","locations":[{"start":{"line":135,"column":26},"end":{"line":135,"column":29},"skip":true},{"start":{"line":136,"column":26},"end":{"line":136,"column":54},"skip":true}]},"17":{"line":164,"type":"binary-expr","locations":[{"start":{"line":164,"column":27},"end":{"line":164,"column":43},"skip":true},{"start":{"line":164,"column":47},"end":{"line":164,"column":49},"skip":true}]},"18":{"line":258,"type":"if","locations":[{"start":{"line":258,"column":8},"end":{"line":258,"column":8},"skip":true},{"start":{"line":258,"column":8},"end":{"line":258,"column":8},"skip":true}]},"19":{"line":275,"type":"switch","locations":[{"start":{"line":276,"column":20},"end":{"line":277,"column":64},"skip":true},{"start":{"line":278,"column":20},"end":{"line":279,"column":40},"skip":true},{"start":{"line":280,"column":20},"end":{"line":281,"column":40},"skip":true},{"start":{"line":282,"column":20},"end":{"line":283,"column":39},"skip":true}]},"20":{"line":288,"type":"if","locations":[{"start":{"line":288,"column":8},"end":{"line":288,"column":8},"skip":true},{"start":{"line":288,"column":8},"end":{"line":288,"column":8},"skip":true}]},"21":{"line":288,"type":"binary-expr","locations":[{"start":{"line":288,"column":12},"end":{"line":288,"column":40},"skip":true},{"start":{"line":288,"column":44},"end":{"line":288,"column":67},"skip":true}]},"22":{"line":292,"type":"binary-expr","locations":[{"start":{"line":292,"column":12},"end":{"line":292,"column":50},"skip":true},{"start":{"line":293,"column":12},"end":{"line":293,"column":53},"skip":true}]},"23":{"line":297,"type":"binary-expr","locations":[{"start":{"line":297,"column":12},"end":{"line":297,"column":66},"skip":true},{"start":{"line":298,"column":12},"end":{"line":301,"column":36},"skip":true}]},"24":{"line":303,"type":"binary-expr","locations":[{"start":{"line":303,"column":43},"end":{"line":303,"column":75},"skip":true},{"start":{"line":303,"column":79},"end":{"line":303,"column":81},"skip":true}]},"25":{"line":306,"type":"if","locations":[{"start":{"line":306,"column":8},"end":{"line":306,"column":8},"skip":true},{"start":{"line":306,"column":8},"end":{"line":306,"column":8},"skip":true}]},"26":{"line":310,"type":"if","locations":[{"start":{"line":310,"column":8},"end":{"line":310,"column":8},"skip":true},{"start":{"line":310,"column":8},"end":{"line":310,"column":8},"skip":true}]},"27":{"line":313,"type":"binary-expr","locations":[{"start":{"line":313,"column":27},"end":{"line":313,"column":43},"skip":true},{"start":{"line":313,"column":47},"end":{"line":313,"column":53},"skip":true}]},"28":{"line":317,"type":"if","locations":[{"start":{"line":317,"column":12},"end":{"line":317,"column":12},"skip":true},{"start":{"line":317,"column":12},"end":{"line":317,"column":12},"skip":true}]}},"code":["/*","example.js","","quickstart example","","instruction","    1. save this script as example.js","    2. run the shell command:","        $ npm install npmtest-minimize && PORT=8081 node example.js","    3. play with the browser-demo on http://127.0.0.1:8081","*/","","","","/* istanbul instrument in package npmtest_minimize */","/*jslint","    bitwise: true,","    browser: true,","    maxerr: 8,","    maxlen: 96,","    node: true,","    nomen: true,","    regexp: true,","    stupid: true","*/","(function () {","    'use strict';","    var local;","","","","    // run shared js-env code - pre-init","    (function () {","        // init local","        local = {};","        // init modeJs","        local.modeJs = (function () {","            try {","                return typeof navigator.userAgent === 'string' &&","                    typeof document.querySelector('body') === 'object' &&","                    typeof XMLHttpRequest.prototype.open === 'function' &&","                    'browser';","            } catch (errorCaughtBrowser) {","                return module.exports &&","                    typeof process.versions.node === 'string' &&","                    typeof require('http').createServer === 'function' &&","                    'node';","            }","        }());","        // init global","        local.global = local.modeJs === 'browser'","            ? window","            : global;","        // init utility2_rollup","        local = local.global.utility2_rollup || (local.modeJs === 'browser'","            ? local.global.utility2_npmtest_minimize","            : global.utility2_moduleExports);","        // export local","        local.global.local = local;","    }());","    switch (local.modeJs) {","","","","    // post-init","    // run browser js-env code - post-init","    /* istanbul ignore next */","    case 'browser':","        local.testRunBrowser = function (event) {","            if (!event || (event &&","                    event.currentTarget &&","                    event.currentTarget.className &&","                    event.currentTarget.className.includes &&","                    event.currentTarget.className.includes('onreset'))) {","                // reset output","                Array.from(","                    document.querySelectorAll('body > .resettable')","                ).forEach(function (element) {","                    switch (element.tagName) {","                    case 'INPUT':","                    case 'TEXTAREA':","                        element.value = '';","                        break;","                    default:","                        element.textContent = '';","                    }","                });","            }","            switch (event && event.currentTarget && event.currentTarget.id) {","            case 'testRunButton1':","                // show tests","                if (document.querySelector('#testReportDiv1').style.display === 'none') {","                    document.querySelector('#testReportDiv1').style.display = 'block';","                    document.querySelector('#testRunButton1').textContent =","                        'hide internal test';","                    local.modeTest = true;","                    local.testRunDefault(local);","                // hide tests","                } else {","                    document.querySelector('#testReportDiv1').style.display = 'none';","                    document.querySelector('#testRunButton1').textContent = 'run internal test';","                }","                break;","            // custom-case","            default:","                break;","            }","            if (document.querySelector('#inputTextareaEval1') && (!event || (event &&","                    event.currentTarget &&","                    event.currentTarget.className &&","                    event.currentTarget.className.includes &&","                    event.currentTarget.className.includes('oneval')))) {","                // try to eval input-code","                try {","                    /*jslint evil: true*/","                    eval(document.querySelector('#inputTextareaEval1').value);","                } catch (errorCaught) {","                    console.error(errorCaught);","                }","            }","        };","        // log stderr and stdout to #outputTextareaStdout1","        ['error', 'log'].forEach(function (key) {","            console[key + '_original'] = console[key];","            console[key] = function () {","                var element;","                console[key + '_original'].apply(console, arguments);","                element = document.querySelector('#outputTextareaStdout1');","                if (!element) {","                    return;","                }","                // append text to #outputTextareaStdout1","                element.value += Array.from(arguments).map(function (arg) {","                    return typeof arg === 'string'","                        ? arg","                        : JSON.stringify(arg, null, 4);","                }).join(' ') + '\\n';","                // scroll textarea to bottom","                element.scrollTop = element.scrollHeight;","            };","        });","        // init event-handling","        ['change', 'click', 'keyup'].forEach(function (event) {","            Array.from(document.querySelectorAll('.on' + event)).forEach(function (element) {","                element.addEventListener(event, local.testRunBrowser);","            });","        });","        // run tests","        local.testRunBrowser();","        break;","","","","    // run node js-env code - post-init","    /* istanbul ignore next */","    case 'node':","        // export local","        module.exports = local;","        // require modules","        local.fs = require('fs');","        local.http = require('http');","        local.url = require('url');","        // init assets","        local.assetsDict = local.assetsDict || {};","        /* jslint-ignore-begin */","        local.assetsDict['/assets.index.template.html'] = '\\","<!doctype html>\\n\\","<html lang=\"en\">\\n\\","<head>\\n\\","<meta charset=\"UTF-8\">\\n\\","<meta name=\"viewport\" content=\"width=device-width, initial-scale=1\">\\n\\","<title>{{env.npm_package_name}} (v{{env.npm_package_version}})</title>\\n\\","<style>\\n\\","/*csslint\\n\\","    box-sizing: false,\\n\\","    universal-selector: false\\n\\","*/\\n\\","* {\\n\\","    box-sizing: border-box;\\n\\","}\\n\\","body {\\n\\","    background: #dde;\\n\\","    font-family: Arial, Helvetica, sans-serif;\\n\\","    margin: 2rem;\\n\\","}\\n\\","body > * {\\n\\","    margin-bottom: 1rem;\\n\\","}\\n\\",".utility2FooterDiv {\\n\\","    margin-top: 20px;\\n\\","    text-align: center;\\n\\","}\\n\\","</style>\\n\\","<style>\\n\\","/*csslint\\n\\","*/\\n\\","textarea {\\n\\","    font-family: monospace;\\n\\","    height: 10rem;\\n\\","    width: 100%;\\n\\","}\\n\\","textarea[readonly] {\\n\\","    background: #ddd;\\n\\","}\\n\\","</style>\\n\\","</head>\\n\\","<body>\\n\\","<!-- utility2-comment\\n\\","<div id=\"ajaxProgressDiv1\" style=\"background: #d00; height: 2px; left: 0; margin: 0; padding: 0; position: fixed; top: 0; transition: background 0.5s, width 1.5s; width: 25%;\"></div>\\n\\","utility2-comment -->\\n\\","<h1>\\n\\","<!-- utility2-comment\\n\\","    <a\\n\\","        {{#if env.npm_package_homepage}}\\n\\","        href=\"{{env.npm_package_homepage}}\"\\n\\","        {{/if env.npm_package_homepage}}\\n\\","        target=\"_blank\"\\n\\","    >\\n\\","utility2-comment -->\\n\\","        {{env.npm_package_name}} (v{{env.npm_package_version}})\\n\\","<!-- utility2-comment\\n\\","    </a>\\n\\","utility2-comment -->\\n\\","</h1>\\n\\","<h3>{{env.npm_package_description}}</h3>\\n\\","<!-- utility2-comment\\n\\","<h4><a download href=\"assets.app.js\">download standalone app</a></h4>\\n\\","<button class=\"onclick onreset\" id=\"testRunButton1\">run internal test</button><br>\\n\\","<div id=\"testReportDiv1\" style=\"display: none;\"></div>\\n\\","utility2-comment -->\\n\\","\\n\\","\\n\\","\\n\\","<label>stderr and stdout</label>\\n\\","<textarea class=\"resettable\" id=\"outputTextareaStdout1\" readonly></textarea>\\n\\","<!-- utility2-comment\\n\\","{{#if isRollup}}\\n\\","<script src=\"assets.app.js\"></script>\\n\\","{{#unless isRollup}}\\n\\","utility2-comment -->\\n\\","<script src=\"assets.utility2.rollup.js\"></script>\\n\\","<script src=\"jsonp.utility2._stateInit?callback=window.utility2._stateInit\"></script>\\n\\","<script src=\"assets.npmtest_minimize.rollup.js\"></script>\\n\\","<script src=\"assets.example.js\"></script>\\n\\","<script src=\"assets.test.js\"></script>\\n\\","<!-- utility2-comment\\n\\","{{/if isRollup}}\\n\\","utility2-comment -->\\n\\","<div class=\"utility2FooterDiv\">\\n\\","    [ this app was created with\\n\\","    <a href=\"https://github.com/kaizhu256/node-utility2\" target=\"_blank\">utility2</a>\\n\\","    ]\\n\\","</div>\\n\\","</body>\\n\\","</html>\\n\\","';","        /* jslint-ignore-end */","        if (local.templateRender) {","            local.assetsDict['/'] = local.templateRender(","                local.assetsDict['/assets.index.template.html'],","                {","                    env: local.objectSetDefault(local.env, {","                        npm_package_description: 'the greatest app in the world!',","                        npm_package_name: 'my-app',","                        npm_package_nameAlias: 'my_app',","                        npm_package_version: '0.0.1'","                    })","                }","            );","        } else {","            local.assetsDict['/'] = local.assetsDict['/assets.index.template.html']","                .replace((/\\{\\{env\\.(\\w+?)\\}\\}/g), function (match0, match1) {","                    // jslint-hack","                    String(match0);","                    switch (match1) {","                    case 'npm_package_description':","                        return 'the greatest app in the world!';","                    case 'npm_package_name':","                        return 'my-app';","                    case 'npm_package_nameAlias':","                        return 'my_app';","                    case 'npm_package_version':","                        return '0.0.1';","                    }","                });","        }","        // run the cli","        if (local.global.utility2_rollup || module !== require.main) {","            break;","        }","        local.assetsDict['/assets.example.js'] =","            local.assetsDict['/assets.example.js'] ||","            local.fs.readFileSync(__filename, 'utf8');","        // bug-workaround - long $npm_package_buildCustomOrg","        /* jslint-ignore-begin */","        local.assetsDict['/assets.npmtest_minimize.rollup.js'] =","            local.assetsDict['/assets.npmtest_minimize.rollup.js'] ||","            local.fs.readFileSync(","                local.npmtest_minimize.__dirname + '/lib.npmtest_minimize.js',","                'utf8'","            ).replace((/^#!/), '//');","        /* jslint-ignore-end */","        local.assetsDict['/favicon.ico'] = local.assetsDict['/favicon.ico'] || '';","        // if $npm_config_timeout_exit exists,","        // then exit this process after $npm_config_timeout_exit ms","        if (Number(process.env.npm_config_timeout_exit)) {","            setTimeout(process.exit, Number(process.env.npm_config_timeout_exit));","        }","        // start server","        if (local.global.utility2_serverHttp1) {","            break;","        }","        process.env.PORT = process.env.PORT || '8081';","        console.error('server starting on port ' + process.env.PORT);","        local.http.createServer(function (request, response) {","            request.urlParsed = local.url.parse(request.url);","            if (local.assetsDict[request.urlParsed.pathname] !== undefined) {","                response.end(local.assetsDict[request.urlParsed.pathname]);","                return;","            }","            response.statusCode = 404;","            response.end();","        }).listen(process.env.PORT);","        break;","    }","}());",""],"l":{"26":2,"28":2,"33":2,"35":2,"37":2,"38":2,"39":2,"44":1,"51":2,"55":2,"59":2,"61":2,"69":1,"70":2,"76":2,"79":2,"82":2,"83":2,"85":1,"89":2,"92":1,"93":1,"94":1,"96":1,"97":1,"100":1,"101":1,"103":1,"106":1,"108":2,"114":1,"116":1,"118":1,"123":1,"124":2,"125":2,"126":3,"127":3,"128":3,"129":3,"130":1,"133":3,"134":3,"139":3,"143":1,"144":3,"145":1,"149":1,"150":1,"158":1,"160":1,"161":1,"162":1,"164":1,"166":1,"258":1,"259":1,"271":1,"274":6,"275":6,"277":1,"279":2,"281":1,"283":2,"288":1,"289":1,"291":1,"296":1,"303":1,"306":1,"307":1,"310":1,"311":1,"313":1,"314":1,"315":1,"316":1,"317":1,"318":1,"319":1,"321":1,"322":1,"324":1}},"/home/travis/build/npmtest/node-npmtest-minimize/node_modules/minimize/lib/minimize.js":{"path":"/home/travis/build/npmtest/node-npmtest-minimize/node_modules/minimize/lib/minimize.js","s":{"1":1,"2":1,"3":0,"4":0,"5":0,"6":0,"7":0,"8":0,"9":0,"10":0,"11":0,"12":1,"13":1,"14":0,"15":0,"16":0,"17":0,"18":0,"19":0,"20":0,"21":0,"22":0,"23":0,"24":0,"25":1,"26":0,"27":0,"28":0,"29":1,"30":0,"31":0,"32":1,"33":0,"34":0,"35":0,"36":0,"37":0,"38":0,"39":0,"40":0,"41":0,"42":1,"43":0,"44":0,"45":1,"46":0,"47":0,"48":0,"49":1,"50":0,"51":0,"52":0,"53":0,"54":0,"55":1,"56":0,"57":1,"58":0,"59":0,"60":0,"61":0,"62":1,"63":0,"64":0,"65":0,"66":0,"67":0,"68":0,"69":0,"70":0,"71":0,"72":0,"73":0,"74":0,"75":1,"76":0,"77":0,"78":0,"79":0,"80":0,"81":1,"82":0,"83":0,"84":0,"85":0,"86":0,"87":0,"88":0,"89":0,"90":0,"91":0,"92":0,"93":0,"94":0,"95":0,"96":0,"97":0,"98":0,"99":0,"100":1},"b":{"1":[0,0],"2":[0,0],"3":[0,0],"4":[0,0],"5":[0,0],"6":[0,0],"7":[0,0],"8":[0,0],"9":[0,0],"10":[0,0],"11":[0,0],"12":[0,0],"13":[0,0],"14":[0,0],"15":[0,0],"16":[0,0],"17":[0,0],"18":[0,0],"19":[0,0],"20":[0,0],"21":[0,0],"22":[0,0],"23":[0,0],"24":[0,0]},"f":{"1":0,"2":0,"3":0,"4":0,"5":0,"6":0,"7":0,"8":0,"9":0,"10":0,"11":0,"12":0,"13":0,"14":0,"15":0,"16":0,"17":0,"18":0,"19":0,"20":0},"fnMap":{"1":{"name":"Minimize","line":23,"loc":{"start":{"line":23,"column":0},"end":{"line":23,"column":35}}},"2":{"name":"parse","line":60,"loc":{"start":{"line":60,"column":27},"end":{"line":60,"column":61}}},"3":{"name":"parsed","line":69,"loc":{"start":{"line":69,"column":15},"end":{"line":69,"column":46}}},"4":{"name":"minifier","line":103,"loc":{"start":{"line":103,"column":30},"end":{"line":103,"column":70}}},"5":{"name":"traverse","line":121,"loc":{"start":{"line":121,"column":30},"end":{"line":121,"column":72}}},"6":{"name":"returns","line":139,"loc":{"start":{"line":139,"column":2},"end":{"line":139,"column":36}}},"7":{"name":"traverser","line":162,"loc":{"start":{"line":162,"column":2},"end":{"line":162,"column":45}}},"8":{"name":"(anonymous_8)","line":163,"loc":{"start":{"line":163,"column":11},"end":{"line":163,"column":23}}},"9":{"name":"step","line":176,"loc":{"start":{"line":176,"column":2},"end":{"line":176,"column":35}}},"10":{"name":"generate","line":177,"loc":{"start":{"line":177,"column":11},"end":{"line":177,"column":42}}},"11":{"name":"run","line":190,"loc":{"start":{"line":190,"column":2},"end":{"line":190,"column":28}}},"12":{"name":"level","line":191,"loc":{"start":{"line":191,"column":11},"end":{"line":191,"column":42}}},"13":{"name":"open","line":211,"loc":{"start":{"line":211,"column":2},"end":{"line":211,"column":35}}},"14":{"name":"createPlug","line":222,"loc":{"start":{"line":222,"column":2},"end":{"line":222,"column":31}}},"15":{"name":"plug","line":223,"loc":{"start":{"line":223,"column":11},"end":{"line":223,"column":37}}},"16":{"name":"reduce","line":240,"loc":{"start":{"line":240,"column":2},"end":{"line":240,"column":39}}},"17":{"name":"finished","line":250,"loc":{"start":{"line":250,"column":51},"end":{"line":250,"column":76}}},"18":{"name":"plug","line":274,"loc":{"start":{"line":274,"column":26},"end":{"line":274,"column":49}}},"19":{"name":"each","line":278,"loc":{"start":{"line":278,"column":18},"end":{"line":278,"column":40}}},"20":{"name":"use","line":296,"loc":{"start":{"line":296,"column":25},"end":{"line":296,"column":50}}}},"statementMap":{"1":{"start":{"line":6,"column":0},"end":{"line":13,"column":27}},"2":{"start":{"line":23,"column":0},"end":{"line":46,"column":1}},"3":{"start":{"line":24,"column":2},"end":{"line":28,"column":3}},"4":{"start":{"line":25,"column":4},"end":{"line":25,"column":27}},"5":{"start":{"line":26,"column":4},"end":{"line":26,"column":36}},"6":{"start":{"line":27,"column":4},"end":{"line":27,"column":20}},"7":{"start":{"line":30,"column":2},"end":{"line":30,"column":21}},"8":{"start":{"line":31,"column":2},"end":{"line":31,"column":37}},"9":{"start":{"line":32,"column":2},"end":{"line":32,"column":38}},"10":{"start":{"line":37,"column":2},"end":{"line":40,"column":4}},"11":{"start":{"line":45,"column":2},"end":{"line":45,"column":29}},"12":{"start":{"line":51,"column":0},"end":{"line":51,"column":38}},"13":{"start":{"line":60,"column":0},"end":{"line":93,"column":2}},"14":{"start":{"line":61,"column":2},"end":{"line":64,"column":13}},"15":{"start":{"line":66,"column":2},"end":{"line":76,"column":3}},"16":{"start":{"line":67,"column":4},"end":{"line":67,"column":16}},"17":{"start":{"line":69,"column":4},"end":{"line":75,"column":5}},"18":{"start":{"line":70,"column":6},"end":{"line":72,"column":7}},"19":{"start":{"line":71,"column":8},"end":{"line":71,"column":38}},"20":{"start":{"line":74,"column":6},"end":{"line":74,"column":22}},"21":{"start":{"line":81,"column":2},"end":{"line":81,"column":56}},"22":{"start":{"line":82,"column":2},"end":{"line":82,"column":38}},"23":{"start":{"line":87,"column":2},"end":{"line":87,"column":41}},"24":{"start":{"line":92,"column":2},"end":{"line":92,"column":16}},"25":{"start":{"line":103,"column":0},"end":{"line":110,"column":2}},"26":{"start":{"line":104,"column":2},"end":{"line":104,"column":68}},"27":{"start":{"line":104,"column":13},"end":{"line":104,"column":68}},"28":{"start":{"line":109,"column":2},"end":{"line":109,"column":66}},"29":{"start":{"line":121,"column":0},"end":{"line":266,"column":2}},"30":{"start":{"line":122,"column":2},"end":{"line":123,"column":42}},"31":{"start":{"line":128,"column":2},"end":{"line":128,"column":20}},"32":{"start":{"line":139,"column":2},"end":{"line":151,"column":3}},"33":{"start":{"line":140,"column":4},"end":{"line":140,"column":38}},"34":{"start":{"line":142,"column":4},"end":{"line":147,"column":5}},"35":{"start":{"line":143,"column":6},"end":{"line":143,"column":49}},"36":{"start":{"line":145,"column":6},"end":{"line":145,"column":24}},"37":{"start":{"line":145,"column":14},"end":{"line":145,"column":24}},"38":{"start":{"line":146,"column":6},"end":{"line":146,"column":43}},"39":{"start":{"line":149,"column":4},"end":{"line":149,"column":34}},"40":{"start":{"line":149,"column":12},"end":{"line":149,"column":34}},"41":{"start":{"line":150,"column":4},"end":{"line":150,"column":16}},"42":{"start":{"line":162,"column":2},"end":{"line":166,"column":3}},"43":{"start":{"line":163,"column":4},"end":{"line":165,"column":6}},"44":{"start":{"line":164,"column":6},"end":{"line":164,"column":93}},"45":{"start":{"line":176,"column":2},"end":{"line":181,"column":3}},"46":{"start":{"line":177,"column":4},"end":{"line":180,"column":5}},"47":{"start":{"line":178,"column":6},"end":{"line":178,"column":46}},"48":{"start":{"line":179,"column":6},"end":{"line":179,"column":38}},"49":{"start":{"line":190,"column":2},"end":{"line":200,"column":3}},"50":{"start":{"line":191,"column":4},"end":{"line":199,"column":5}},"51":{"start":{"line":192,"column":6},"end":{"line":192,"column":63}},"52":{"start":{"line":194,"column":6},"end":{"line":196,"column":7}},"53":{"start":{"line":195,"column":8},"end":{"line":195,"column":49}},"54":{"start":{"line":198,"column":6},"end":{"line":198,"column":52}},"55":{"start":{"line":211,"column":2},"end":{"line":213,"column":3}},"56":{"start":{"line":212,"column":4},"end":{"line":212,"column":49}},"57":{"start":{"line":222,"column":2},"end":{"line":229,"column":3}},"58":{"start":{"line":223,"column":4},"end":{"line":228,"column":5}},"59":{"start":{"line":224,"column":6},"end":{"line":224,"column":42}},"60":{"start":{"line":226,"column":6},"end":{"line":226,"column":59}},"61":{"start":{"line":227,"column":6},"end":{"line":227,"column":67}},"62":{"start":{"line":240,"column":2},"end":{"line":254,"column":3}},"63":{"start":{"line":245,"column":4},"end":{"line":248,"column":5}},"64":{"start":{"line":246,"column":6},"end":{"line":246,"column":43}},"65":{"start":{"line":247,"column":6},"end":{"line":247,"column":53}},"66":{"start":{"line":250,"column":4},"end":{"line":253,"column":7}},"67":{"start":{"line":251,"column":6},"end":{"line":251,"column":36}},"68":{"start":{"line":251,"column":17},"end":{"line":251,"column":36}},"69":{"start":{"line":252,"column":6},"end":{"line":252,"column":53}},"70":{"start":{"line":259,"column":2},"end":{"line":262,"column":3}},"71":{"start":{"line":260,"column":4},"end":{"line":260,"column":73}},"72":{"start":{"line":261,"column":4},"end":{"line":261,"column":49}},"73":{"start":{"line":264,"column":2},"end":{"line":264,"column":72}},"74":{"start":{"line":265,"column":2},"end":{"line":265,"column":48}},"75":{"start":{"line":274,"column":0},"end":{"line":281,"column":2}},"76":{"start":{"line":275,"column":2},"end":{"line":275,"column":38}},"77":{"start":{"line":275,"column":31},"end":{"line":275,"column":38}},"78":{"start":{"line":276,"column":2},"end":{"line":276,"column":22}},"79":{"start":{"line":278,"column":2},"end":{"line":280,"column":5}},"80":{"start":{"line":279,"column":4},"end":{"line":279,"column":25}},"81":{"start":{"line":296,"column":0},"end":{"line":328,"column":2}},"82":{"start":{"line":297,"column":2},"end":{"line":300,"column":3}},"83":{"start":{"line":298,"column":4},"end":{"line":298,"column":16}},"84":{"start":{"line":299,"column":4},"end":{"line":299,"column":19}},"85":{"start":{"line":302,"column":2},"end":{"line":302,"column":69}},"86":{"start":{"line":302,"column":11},"end":{"line":302,"column":69}},"87":{"start":{"line":303,"column":2},"end":{"line":303,"column":79}},"88":{"start":{"line":303,"column":30},"end":{"line":303,"column":79}},"89":{"start":{"line":304,"column":2},"end":{"line":304,"column":59}},"90":{"start":{"line":304,"column":34},"end":{"line":304,"column":59}},"91":{"start":{"line":309,"column":2},"end":{"line":311,"column":3}},"92":{"start":{"line":310,"column":4},"end":{"line":310,"column":63}},"93":{"start":{"line":316,"column":2},"end":{"line":318,"column":3}},"94":{"start":{"line":317,"column":4},"end":{"line":317,"column":75}},"95":{"start":{"line":320,"column":2},"end":{"line":322,"column":3}},"96":{"start":{"line":321,"column":4},"end":{"line":321,"column":60}},"97":{"start":{"line":324,"column":2},"end":{"line":324,"column":33}},"98":{"start":{"line":326,"column":2},"end":{"line":326,"column":28}},"99":{"start":{"line":327,"column":2},"end":{"line":327,"column":14}},"100":{"start":{"line":333,"column":0},"end":{"line":333,"column":26}}},"branchMap":{"1":{"line":24,"type":"if","locations":[{"start":{"line":24,"column":2},"end":{"line":24,"column":2}},{"start":{"line":24,"column":2},"end":{"line":24,"column":2}}]},"2":{"line":25,"type":"binary-expr","locations":[{"start":{"line":25,"column":14},"end":{"line":25,"column":20}},{"start":{"line":25,"column":24},"end":{"line":25,"column":26}}]},"3":{"line":26,"type":"binary-expr","locations":[{"start":{"line":26,"column":18},"end":{"line":26,"column":29}},{"start":{"line":26,"column":33},"end":{"line":26,"column":35}}]},"4":{"line":37,"type":"binary-expr","locations":[{"start":{"line":37,"column":20},"end":{"line":37,"column":26}},{"start":{"line":37,"column":30},"end":{"line":40,"column":3}}]},"5":{"line":66,"type":"if","locations":[{"start":{"line":66,"column":2},"end":{"line":66,"column":2}},{"start":{"line":66,"column":2},"end":{"line":66,"column":2}}]},"6":{"line":70,"type":"if","locations":[{"start":{"line":70,"column":6},"end":{"line":70,"column":6}},{"start":{"line":70,"column":6},"end":{"line":70,"column":6}}]},"7":{"line":104,"type":"if","locations":[{"start":{"line":104,"column":2},"end":{"line":104,"column":2}},{"start":{"line":104,"column":2},"end":{"line":104,"column":2}}]},"8":{"line":128,"type":"binary-expr","locations":[{"start":{"line":128,"column":9},"end":{"line":128,"column":13}},{"start":{"line":128,"column":17},"end":{"line":128,"column":19}}]},"9":{"line":142,"type":"if","locations":[{"start":{"line":142,"column":4},"end":{"line":142,"column":4}},{"start":{"line":142,"column":4},"end":{"line":142,"column":4}}]},"10":{"line":145,"type":"if","locations":[{"start":{"line":145,"column":6},"end":{"line":145,"column":6}},{"start":{"line":145,"column":6},"end":{"line":145,"column":6}}]},"11":{"line":149,"type":"if","locations":[{"start":{"line":149,"column":4},"end":{"line":149,"column":4}},{"start":{"line":149,"column":4},"end":{"line":149,"column":4}}]},"12":{"line":194,"type":"if","locations":[{"start":{"line":194,"column":6},"end":{"line":194,"column":6}},{"start":{"line":194,"column":6},"end":{"line":194,"column":6}}]},"13":{"line":224,"type":"binary-expr","locations":[{"start":{"line":224,"column":11},"end":{"line":224,"column":13}},{"start":{"line":224,"column":17},"end":{"line":224,"column":41}}]},"14":{"line":245,"type":"if","locations":[{"start":{"line":245,"column":4},"end":{"line":245,"column":4}},{"start":{"line":245,"column":4},"end":{"line":245,"column":4}}]},"15":{"line":251,"type":"if","locations":[{"start":{"line":251,"column":6},"end":{"line":251,"column":6}},{"start":{"line":251,"column":6},"end":{"line":251,"column":6}}]},"16":{"line":259,"type":"if","locations":[{"start":{"line":259,"column":2},"end":{"line":259,"column":2}},{"start":{"line":259,"column":2},"end":{"line":259,"column":2}}]},"17":{"line":275,"type":"if","locations":[{"start":{"line":275,"column":2},"end":{"line":275,"column":2}},{"start":{"line":275,"column":2},"end":{"line":275,"column":2}}]},"18":{"line":297,"type":"if","locations":[{"start":{"line":297,"column":2},"end":{"line":297,"column":2}},{"start":{"line":297,"column":2},"end":{"line":297,"column":2}}]},"19":{"line":302,"type":"if","locations":[{"start":{"line":302,"column":2},"end":{"line":302,"column":2}},{"start":{"line":302,"column":2},"end":{"line":302,"column":2}}]},"20":{"line":303,"type":"if","locations":[{"start":{"line":303,"column":2},"end":{"line":303,"column":2}},{"start":{"line":303,"column":2},"end":{"line":303,"column":2}}]},"21":{"line":304,"type":"if","locations":[{"start":{"line":304,"column":2},"end":{"line":304,"column":2}},{"start":{"line":304,"column":2},"end":{"line":304,"column":2}}]},"22":{"line":309,"type":"if","locations":[{"start":{"line":309,"column":2},"end":{"line":309,"column":2}},{"start":{"line":309,"column":2},"end":{"line":309,"column":2}}]},"23":{"line":316,"type":"if","locations":[{"start":{"line":316,"column":2},"end":{"line":316,"column":2}},{"start":{"line":316,"column":2},"end":{"line":316,"column":2}}]},"24":{"line":320,"type":"if","locations":[{"start":{"line":320,"column":2},"end":{"line":320,"column":2}},{"start":{"line":320,"column":2},"end":{"line":320,"column":2}}]}},"code":["'use strict';","","//","// Required modules.","//","var EventEmitter = require('events').EventEmitter","  , debug = require('diagnostics')('minimize')","  , Helpers = require('./helpers')","  , html = require('htmlparser2')","  , uuid = require('uuid')","  , emits = require('emits')","  , async = require('async')","  , util = require('util');","","/**"," * Minimizer constructor."," *"," * @Constructor"," * @param {Function} parser HTMLParser2 instance, i.e. to support SVG if required."," * @param {Object} options parsing options, optional"," * @api public"," */","function Minimize(parser, options) {","  if ('object' !== typeof options) {","    options = parser || {};","    options.dom = options.dom || {};","    parser = void 0;","  }","","  this.emits = emits;","  this.plugins = Object.create(null);","  this.helpers = new Helpers(options);","","  //","  // Prepare the parser.","  //","  this.htmlparser = parser || new html.Parser(","    new html.DomHandler(this.emits('read')),","    options.dom","  );","","  //","  // Register plugins.","  //","  this.plug(options.plugins);","}","","//","// Add EventEmitter prototype.","//","util.inherits(Minimize, EventEmitter);","","/**"," * Start parsing the provided content and call the callback."," *"," * @param {String} content HTML"," * @param {Function} callback"," * @api public"," */","Minimize.prototype.parse = function parse(content, callback) {","  var minimize = this","    , id = uuid.v4()","    , sync = false","    , output;","","  if (typeof callback !== 'function') {","    sync = true;","","    callback = function parsed(error, result) {","      if (error) {","        minimize.emit('error', error);","      }","","      output = result;","    }","  }","","  //","  // Listen to DOM parsing, so the htmlparser callback can trigger it.","  //","  this.once('read', this.minifier.bind(this, id, sync));","  this.once('parsed:' + id, callback);","","  //","  // Initiate parsing of HTML.","  //","  this.htmlparser.parseComplete(content);","","  //","  // Return content if generated synchronously otherwise undefined.","  //","  return output;","};","","/**"," * Parse traversable DOM to content."," *"," * @param {Object} error"," * @param {Object} dom presented as traversable object"," * @returns {Void}"," * @api private"," */","Minimize.prototype.minifier = function minifier(id, sync, error, dom) {","  if (error) throw new Error('Minifier failed to parse DOM', error);","","  //","  // DOM has been completely parsed, emit the results.","  //","  return this.traverse(dom, '', sync, this.emits('parsed:' + id));","};","","/**"," * Traverse the data object, reduce data to string."," *"," * @param {Array} data"," * @param {String} html compiled contents."," * @param {Function} done Completion callback."," * @return {String} completed HTML"," * @api private"," */","Minimize.prototype.traverse = function traverse(data, html, sync, done) {","  var minimize = this","    , plugins = Object.keys(this.plugins);","","  //","  // Ensure data can be reduced.","  //","  data = data || [];","","  /**","   * (A)synchronously return or callback with HTML.","   *","   * @param {Error} error Runtime error","   * @param {String} html minimized HTML","   * @param {Function} cb optional callback","   * @returns {String} HTML","   * @api private","   */","  function returns(error, html, cb) {","    var fn = typeof cb === 'function';","","    if (error) {","      debug('Error received: %s', error.message);","","      if (fn) cb(error);","      return minimize.emit('error', error);","    }","","    if (fn) return cb(null, html);","    return html;","  }","","  /**","   * For all children run same iterator.","   *","   * @param {Object} element Current element","   * @param {String} content Current minimized HTML, memo.","   * @param {Function} next Completion callback.","   * @returns {Function} Runner.","   * @api private","   */","  function traverser(element, content, next) {","    return function () {","      return minimize.traverse(element.children, content, sync, step(element, 'close', next))","    };","  }","","  /**","   * Minimize single level of HTML.","   *","   * @param {Object} element Properties","   * @param {String} type Element type","   * @param {Function} cb Completion callback","   * @api private","   */","  function step(element, type, cb) {","    return function generate(error, html) {","      html += minimize.helpers[type](element);","      return returns(error, html, cb);","    }","  }","","  /**","   * Traverse children of current element.","   *","   * @param {Object} element Properties","   * @param {Function} cb Completion callback","   * @api private","   */","  function run(element, cb) {","    return function level(error, content) {","      debug('Traversing children of element %s', element.name);","","      if (sync) {","        return traverser(element, content, cb)();","      }","","      setImmediate(traverser(element, content, cb));","    }","  }","","  /**","   * Create opening string of element.","   *","   * @param {Object} element Properties","   * @param {String} html Current minimized HTML, memo.","   * @param {Function} cb Completion callback","   * @returns {String} Result","   * @api private","   */","  function open(element, html, cb) {","    return step(element, 'open', cb)(null, html);","  }","","  /**","   * Create plugins for element.","   *","   * @param {Object} element Properties.","   * @return {Function} Plugin function to run.","   * @api private","   */","  function createPlug(element) {","    return function plug(plugin, fn) {","      fn = fn || minimize.emits('plugin');","","      debug('Running plugin for element %s', element.name);","      minimize.plugins[plugin].element.call(minimize, element, fn);","    }","  }","","  /**","   * Reduce each HTML element and its children.","   *","   * @param {String} html Current compiled HTML, memo.","   * @param {Object} element Current element.","   * @param {Function} step Completion callback","   * @returns {String} minimized HTML.","   * @api private","   */","  function reduce(html, element, next) {","    //","    // Run the registered plugins before the element is processed.","    // Note that the plugins are not run in order.","    //","    if (sync) {","      plugins.forEach(createPlug(element));","      return open(element, html, run(element, next));","    }","","    async.eachSeries(plugins, createPlug(element), function finished(error) {","      if (error) return next(error);","      return open(element, html, run(element, next));","    });","  }","","  //","  // Reduce all provided elements to minimized HTML.","  //","  if (sync) {","    debug('Synchronously reducing %d parsed HTML elements', data.length);","    return done(null, data.reduce(reduce, html));","  }","","  debug('Asynchronously reducing %d parsed HTML elements', data.length);","  return async.reduce(data, html, reduce, done);","};","","/**"," * Register provided plugins."," *"," * @param {Array} plugins Collection of plugins"," * @api private"," */","Minimize.prototype.plug = function plug(plugins) {","  if (!Array.isArray(plugins)) return;","  var minimize = this;","","  plugins.forEach(function each(plugin) {","    minimize.use(plugin);","  });","};","","/**"," * Register a new plugin."," *"," * ```js"," * minimize.use('dropClass', {"," *   element: function () { }"," * });"," * ```"," *"," * @param {String} id The id of the plugin."," * @param {Object} plugin The plugin module."," * @api public"," */","Minimize.prototype.use = function use(id, plugin) {","  if ('object' === typeof id) {","    plugin = id;","    id = plugin.id;","  }","","  if (!id) throw new Error('Plugin should be specified with an id.');","  if ('string' !== typeof id) throw new Error('Plugin id should be a string.');","  if ('string' === typeof plugin) plugin = require(plugin);","","  //","  // Plugin accepts an object or a function only.","  //","  if (!/^(object|function)$/.test(typeof plugin)) {","    throw new Error('Plugin should be an object or function.');","  }","","  //","  // Plugin requires an element method to be specified.","  //","  if ('function' !== typeof plugin.element) {","    throw new Error('The plugin is missing an element method to execute.');","  }","","  if (id in this.plugins) {","    throw new Error('The plugin name was already defined.');","  }","","  debug('Added plugin `%s`', id);","","  this.plugins[id] = plugin;","  return this;","};","","//","// Expose the minimize function by default.","//","module.exports = Minimize;"],"l":{"6":1,"23":1,"24":0,"25":0,"26":0,"27":0,"30":0,"31":0,"32":0,"37":0,"45":0,"51":1,"60":1,"61":0,"66":0,"67":0,"69":0,"70":0,"71":0,"74":0,"81":0,"82":0,"87":0,"92":0,"103":1,"104":0,"109":0,"121":1,"122":0,"128":0,"139":1,"140":0,"142":0,"143":0,"145":0,"146":0,"149":0,"150":0,"162":1,"163":0,"164":0,"176":1,"177":0,"178":0,"179":0,"190":1,"191":0,"192":0,"194":0,"195":0,"198":0,"211":1,"212":0,"222":1,"223":0,"224":0,"226":0,"227":0,"240":1,"245":0,"246":0,"247":0,"250":0,"251":0,"252":0,"259":0,"260":0,"261":0,"264":0,"265":0,"274":1,"275":0,"276":0,"278":0,"279":0,"296":1,"297":0,"298":0,"299":0,"302":0,"303":0,"304":0,"309":0,"310":0,"316":0,"317":0,"320":0,"321":0,"324":0,"326":0,"327":0,"333":1}},"/home/travis/build/npmtest/node-npmtest-minimize/node_modules/minimize/lib/helpers.js":{"path":"/home/travis/build/npmtest/node-npmtest-minimize/node_modules/minimize/lib/helpers.js","s":{"1":1,"2":1,"3":1,"4":0,"5":0,"6":1,"7":0,"8":0,"9":0,"10":0,"11":1,"12":0,"13":0,"14":0,"15":0,"16":1,"17":0,"18":1,"19":0,"20":0,"21":0,"22":1,"23":0,"24":0,"25":0,"26":0,"27":0,"28":0,"29":0,"30":0,"31":0,"32":0,"33":0,"34":0,"35":0,"36":0,"37":0,"38":0,"39":0,"40":1,"41":0,"42":0,"43":1,"44":0,"45":0,"46":0,"47":1,"48":0,"49":1,"50":0,"51":1,"52":0,"53":1,"54":0,"55":0,"56":0,"57":0,"58":0,"59":0,"60":1,"61":0,"62":1,"63":0,"64":0,"65":0,"66":0,"67":0,"68":0,"69":0,"70":0,"71":1,"72":0,"73":1,"74":1,"75":1},"b":{"1":[0,0],"2":[0,0],"3":[0,0],"4":[0,0],"5":[0,0],"6":[0,0],"7":[0,0],"8":[0,0],"9":[0,0],"10":[0,0],"11":[0,0],"12":[0,0],"13":[0,0],"14":[0,0,0,0,0],"15":[0,0],"16":[0,0],"17":[0,0],"18":[0,0,0,0],"19":[0,0],"20":[0,0],"21":[0,0],"22":[0,0],"23":[0,0],"24":[0,0,0,0,0],"25":[0,0],"26":[0,0,0],"27":[0,0],"28":[0,0],"29":[0,0],"30":[0,0],"31":[0,0],"32":[0,0],"33":[0,0],"34":[0,0],"35":[0,0],"36":[0,0,0],"37":[0,0],"38":[0,0],"39":[0,0],"40":[0,0,0],"41":[0,0]},"f":{"1":0,"2":0,"3":0,"4":0,"5":0,"6":0,"7":0,"8":0,"9":0,"10":0,"11":0,"12":0,"13":0,"14":0,"15":0,"16":0},"fnMap":{"1":{"name":"compact","line":37,"loc":{"start":{"line":37,"column":0},"end":{"line":37,"column":38}}},"2":{"name":"Helpers","line":49,"loc":{"start":{"line":49,"column":0},"end":{"line":49,"column":26}}},"3":{"name":"quote","line":66,"loc":{"start":{"line":66,"column":26},"end":{"line":66,"column":48}}},"4":{"name":"isInline","line":91,"loc":{"start":{"line":91,"column":29},"end":{"line":91,"column":56}}},"5":{"name":"tag","line":103,"loc":{"start":{"line":103,"column":24},"end":{"line":103,"column":46}}},"6":{"name":"attributes","line":120,"loc":{"start":{"line":120,"column":31},"end":{"line":120,"column":60}}},"7":{"name":"(anonymous_7)","line":127,"loc":{"start":{"line":127,"column":34},"end":{"line":127,"column":57}}},"8":{"name":"open","line":169,"loc":{"start":{"line":169,"column":25},"end":{"line":169,"column":48}}},"9":{"name":"close","line":182,"loc":{"start":{"line":182,"column":26},"end":{"line":182,"column":50}}},"10":{"name":"isJS","line":198,"loc":{"start":{"line":198,"column":25},"end":{"line":198,"column":48}}},"11":{"name":"isStyle","line":210,"loc":{"start":{"line":210,"column":28},"end":{"line":210,"column":54}}},"12":{"name":"structure","line":222,"loc":{"start":{"line":222,"column":30},"end":{"line":222,"column":58}}},"13":{"name":"text","line":237,"loc":{"start":{"line":237,"column":25},"end":{"line":237,"column":48}}},"14":{"name":"comment","line":275,"loc":{"start":{"line":275,"column":28},"end":{"line":275,"column":54}}},"15":{"name":"io","line":278,"loc":{"start":{"line":278,"column":2},"end":{"line":278,"column":16}}},"16":{"name":"directive","line":297,"loc":{"start":{"line":297,"column":30},"end":{"line":297,"column":58}}}},"statementMap":{"1":{"start":{"line":6,"column":0},"end":{"line":6,"column":29}},"2":{"start":{"line":11,"column":0},"end":{"line":26,"column":2}},"3":{"start":{"line":37,"column":0},"end":{"line":40,"column":1}},"4":{"start":{"line":38,"column":2},"end":{"line":38,"column":44}},"5":{"start":{"line":39,"column":2},"end":{"line":39,"column":35}},"6":{"start":{"line":49,"column":0},"end":{"line":57,"column":1}},"7":{"start":{"line":50,"column":2},"end":{"line":50,"column":19}},"8":{"start":{"line":52,"column":2},"end":{"line":54,"column":3}},"9":{"start":{"line":53,"column":4},"end":{"line":53,"column":36}},"10":{"start":{"line":56,"column":2},"end":{"line":56,"column":21}},"11":{"start":{"line":66,"column":0},"end":{"line":82,"column":2}},"12":{"start":{"line":67,"column":2},"end":{"line":67,"column":46}},"13":{"start":{"line":72,"column":2},"end":{"line":72,"column":26}},"14":{"start":{"line":72,"column":14},"end":{"line":72,"column":26}},"15":{"start":{"line":79,"column":2},"end":{"line":81,"column":12}},"16":{"start":{"line":91,"column":0},"end":{"line":93,"column":2}},"17":{"start":{"line":92,"column":2},"end":{"line":92,"column":46}},"18":{"start":{"line":103,"column":0},"end":{"line":110,"column":2}},"19":{"start":{"line":107,"column":2},"end":{"line":107,"column":59}},"20":{"start":{"line":107,"column":31},"end":{"line":107,"column":59}},"21":{"start":{"line":109,"column":2},"end":{"line":109,"column":61}},"22":{"start":{"line":120,"column":0},"end":{"line":160,"column":2}},"23":{"start":{"line":121,"column":2},"end":{"line":124,"column":27}},"24":{"start":{"line":126,"column":2},"end":{"line":126,"column":51}},"25":{"start":{"line":126,"column":41},"end":{"line":126,"column":51}},"26":{"start":{"line":127,"column":2},"end":{"line":159,"column":9}},"27":{"start":{"line":128,"column":4},"end":{"line":128,"column":22}},"28":{"start":{"line":129,"column":4},"end":{"line":129,"column":40}},"29":{"start":{"line":135,"column":4},"end":{"line":135,"column":87}},"30":{"start":{"line":136,"column":4},"end":{"line":138,"column":30}},"31":{"start":{"line":143,"column":4},"end":{"line":143,"column":103}},"32":{"start":{"line":143,"column":89},"end":{"line":143,"column":103}},"33":{"start":{"line":149,"column":4},"end":{"line":149,"column":32}},"34":{"start":{"line":150,"column":4},"end":{"line":153,"column":5}},"35":{"start":{"line":151,"column":6},"end":{"line":151,"column":39}},"36":{"start":{"line":151,"column":25},"end":{"line":151,"column":39}},"37":{"start":{"line":152,"column":6},"end":{"line":152,"column":80}},"38":{"start":{"line":152,"column":66},"end":{"line":152,"column":80}},"39":{"start":{"line":158,"column":4},"end":{"line":158,"column":94}},"40":{"start":{"line":169,"column":0},"end":{"line":173,"column":2}},"41":{"start":{"line":170,"column":2},"end":{"line":172,"column":3}},"42":{"start":{"line":171,"column":4},"end":{"line":171,"column":39}},"43":{"start":{"line":182,"column":0},"end":{"line":188,"column":2}},"44":{"start":{"line":183,"column":2},"end":{"line":183,"column":51}},"45":{"start":{"line":183,"column":31},"end":{"line":183,"column":51}},"46":{"start":{"line":185,"column":2},"end":{"line":187,"column":9}},"47":{"start":{"line":198,"c
[...]
inary-expr","locations":[{"start":{"line":185,"column":9},"end":{"line":185,"column":41}},{"start":{"line":185,"column":45},"end":{"line":185,"column":82}}]},"24":{"line":199,"type":"binary-expr","locations":[{"start":{"line":199,"column":10},"end":{"line":199,"column":35}},{"start":{"line":199,"column":40},"end":{"line":199,"column":56}},{"start":{"line":199,"column":60},"end":{"line":199,"column":81}},{"start":{"line":200,"column":8},"end":{"line":200,"column":33}},{"start":{"line":200,"column":37},"end":{"line":200,"column":79}}]},"25":{"line":223,"type":"cond-expr","locations":[{"start":{"line":224,"column":6},"end":{"line":224,"column":93}},{"start":{"line":225,"column":6},"end":{"line":225,"column":11}}]},"26":{"line":224,"type":"binary-expr","locations":[{"start":{"line":224,"column":6},"end":{"line":224,"column":46}},{"start":{"line":224,"column":50},"end":{"line":224,"column":68}},{"start":{"line":224,"column":72},"end":{"line":224,"column":93}}]},"27":{"line":242,"type":"cond-expr","locations":[{"start":{"line":242,"column":34},"end":{"line":242,"column":37}},{"start":{"line":242,"column":40},"end":{"line":242,"column":42}}]},"28":{"line":248,"type":"if","locations":[{"start":{"line":248,"column":2},"end":{"line":248,"column":2}},{"start":{"line":248,"column":2},"end":{"line":248,"column":2}}]},"29":{"line":250,"type":"cond-expr","locations":[{"start":{"line":250,"column":18},"end":{"line":250,"column":29}},{"start":{"line":250,"column":32},"end":{"line":250,"column":38}}]},"30":{"line":251,"type":"cond-expr","locations":[{"start":{"line":251,"column":36},"end":{"line":251,"column":39}},{"start":{"line":251,"column":42},"end":{"line":251,"column":47}}]},"31":{"line":251,"type":"binary-expr","locations":[{"start":{"line":251,"column":6},"end":{"line":251,"column":10}},{"start":{"line":251,"column":14},"end":{"line":251,"column":33}}]},"32":{"line":253,"type":"cond-expr","locations":[{"start":{"line":253,"column":18},"end":{"line":253,"column":29}},{"start":{"line":253,"column":32},"end":{"line":253,"column":38}}]},"33":{"line":254,"type":"cond-expr","locations":[{"start":{"line":254,"column":36},"end":{"line":254,"column":39}},{"start":{"line":254,"column":42},"end":{"line":254,"column":47}}]},"34":{"line":254,"type":"binary-expr","locations":[{"start":{"line":254,"column":6},"end":{"line":254,"column":10}},{"start":{"line":254,"column":14},"end":{"line":254,"column":33}}]},"35":{"line":261,"type":"if","locations":[{"start":{"line":261,"column":2},"end":{"line":261,"column":2}},{"start":{"line":261,"column":2},"end":{"line":261,"column":2}}]},"36":{"line":261,"type":"binary-expr","locations":[{"start":{"line":261,"column":6},"end":{"line":261,"column":24}},{"start":{"line":261,"column":28},"end":{"line":261,"column":37}},{"start":{"line":261,"column":41},"end":{"line":261,"column":80}}]},"37":{"line":282,"type":"if","locations":[{"start":{"line":282,"column":2},"end":{"line":282,"column":2}},{"start":{"line":282,"column":2},"end":{"line":282,"column":2}}]},"38":{"line":282,"type":"binary-expr","locations":[{"start":{"line":282,"column":6},"end":{"line":282,"column":13}},{"start":{"line":282,"column":17},"end":{"line":282,"column":43}}]},"39":{"line":283,"type":"if","locations":[{"start":{"line":283,"column":2},"end":{"line":283,"column":2}},{"start":{"line":283,"column":2},"end":{"line":283,"column":2}}]},"40":{"line":283,"type":"binary-expr","locations":[{"start":{"line":283,"column":6},"end":{"line":283,"column":22}},{"start":{"line":283,"column":27},"end":{"line":283,"column":55}},{"start":{"line":284,"column":9},"end":{"line":284,"column":42}}]},"41":{"line":285,"type":"if","locations":[{"start":{"line":285,"column":2},"end":{"line":285,"column":2}},{"start":{"line":285,"column":2},"end":{"line":285,"column":2}}]}},"code":["'use strict';","","//","// Required modules.","//","var list = require('./list');","","//","// Predefined parsing options.","//","var config = {","  empty: false,                     // remove(false) or retain(true) empty attributes","  cdata: false,                     // remove(false) or retain(true) CDATA from scripts","  comments: false,                  // remove(false) or retain(true) comments","  conditionals: false,              // remove(false) or retain(true) ie conditional comments","  ssi: false,                       // remove(false) or retain(true) server side includes","  spare: false,                     // remove(false) or retain(true) redundant attributes","  quotes: false,                    // remove(false) or retain(true) quotes if not required","  loose: false,                     // remove(false) all or retain(true) one whitespace","  whitespace: false,                // remove(false) or retain(true) whitespace in attributes","  dom: {                            // see https://github.com/fb55/htmlparser2 for all options","    xmlMode: false,                     // Disables the special behavior for script/style tags (false by default)","    lowerCaseAttributeNames: true,      // call .toLowerCase for each attribute name (true if xmlMode is `false`)","    lowerCaseTags: true                 // call .toLowerCase for each tag name (true if xmlMode is `false`)","  }","};","","/**"," * Compact the value, replace multiple white spaces and newlines"," * with a single white space."," *"," * @param {String} value Value to compact"," * @param {Boolean} keepNewlines Do not remove newlines"," * @return {String} Compacted data"," * @api private"," */","function compact(value, keepNewlines) {","  var check = keepNewlines ? / +/g : /\\s+/g;","  return value.replace(check, ' ');","}","","/**"," * Helper constructor."," *"," * @Constructor"," * @param {Object} options"," * @api public"," */","function Helpers(options) {","  this.config = {};","","  for (var key in options || {}) {","    this.config[key] = options[key];","  }","","  this.ancestor = [];","}","","/**"," * Wraps the attribute in quotes, or anything that needs them."," *"," * @param {String} value"," * @return {String}"," * @api public"," */","Helpers.prototype.quote = function quote(value) {","  var delim = ~value.indexOf('\"') ? \"'\" : '\"';","","  //","  // Quote is only called if required so it's safe to return quotes on no value.","  //","  if (!value) return '\"\"';","","  //","  // Always quote attributes having spaces, equal signs, single quotes","  // or ending in a slash. Attributes containing double quotes will be","  // single quoted.","  //","  return /[\\s='\"<>]+|\\/$/.test(value) || this.config.quotes","    ? delim + value + delim","    : value;","};","","/**"," * Is an element inline or not."," *"," * @param {Object} element"," * @return {Boolean}"," * @api private"," */","Helpers.prototype.isInline = function isInline(element) {","  return !!~list.inline.indexOf(element.name);","};","","/**"," * Create starting tag for element, if required an additional white space will"," * be added to retain flow of inline elements."," *"," * @param {Object} element"," * @return {String}"," * @api public"," */","Helpers.prototype.tag = function tag(element) {","  //","  // Check if the current element requires structure, store for later reference.","  //","  if (this.structure(element)) this.ancestor.push(element);","","  return '<' + element.name + this.attributes(element) + '>';","};","","/**"," * Loop set of attributes belonging to an element. Surrounds attributes with"," * quotes if required, omits if not."," *"," * @param {Object} element element containing attributes"," * @return {String}"," * @api public"," */","Helpers.prototype.attributes = function attributes(element) {","  var attr = element.attribs","    , self = this","    , name = element.name","    , value, bool, allowed;","","  if (!attr || typeof attr !== 'object') return '';","  return Object.keys(attr).reduce(function (result, key) {","    value = attr[key];","    bool = ~list.redundant.indexOf(key);","","    //","    // Is the attribute allowed on the HTML element? If so, allow special","    // treatment. If not, then just return the full attribute and its value.","    //","    allowed = Object.hasOwnProperty.call(list.attributes, key) && list.attributes[key];","    allowed = allowed","      ? allowed === '*' || ~allowed.indexOf(name)","      : ~key.indexOf('data-');","","    //","    // Remove attributes that are empty, not boolean and no semantic value.","    //","    if (!self.config.empty && !/data|itemscope/.test(key) && !bool && !value && allowed) return result;","","    //","    // Boolean attributes should be added sparse, also unset attributes","    // should remain unset if retained with `empty` option.","    //","    result = result + ' ' + key;","    if (!self.config.spare) {","      if (!value.length) return result;","      if (allowed && bool && (value === key || 'true' === value)) return result;","    }","","    //","    // Return full attribute with value.","    //","    return result + '=' + self.quote(!self.config.whitespace ? compact(value).trim() : value);","  }, '');","};","","/**"," * Proxy to render HTML."," *"," * @param {Object} element"," * @return {String}"," * @api public"," */","Helpers.prototype.open = function open(element) {","  if (element.type in this) {","    return this[element.type](element);","  }","};","","/**"," * Provide closing tag for element if required."," *"," * @param {Object} element"," * @return {String}"," * @api public"," */","Helpers.prototype.close = function close(element) {","  if (this.structure(element)) this.ancestor.pop();","","  return ~list.node.indexOf(element.type) && !~list.singular.indexOf(element.name)","    ? '</' + element.name + '>'","    : '';","};","","/**"," * Check the script is actual script or abused for template/config. Scripts"," * without attribute type or type=\"text/javascript\" are JS elements by default."," *"," * @param {Object} element"," * @return {Boolean}"," * @api public"," */","Helpers.prototype.isJS = function isJS(element) {","  return (element.type === 'script' && (!element.attribs || !element.attribs.type))","    || (element.type === 'script' && element.attribs.type === 'text/javascript');","};","","/**"," * Check if the element is of type style."," *"," * @param {Object} element"," * @return {Boolean}"," * @api public"," */","Helpers.prototype.isStyle = function isStyle(element) {","  return element.type === 'style';","};","","/**"," * Check if an element needs to retain its internal structure, e.g. this goes"," * for elements like script, style, textarea or pre."," *"," * @param {Object} element"," * @return {Boolean}"," * @api public"," */","Helpers.prototype.structure = function structure(element) {","  return element.type !== 'text'","    ? !!~list.structural.indexOf(element.name) || this.isJS(element) || this.isStyle(element)","    : false;","};","","/**"," * Return trimmed text, if text requires no structure new lines and spaces will"," * be replaced with a single white space. Any white space adjacent to an inline"," * element is replaced with a single space."," *"," * @param {Object} element"," * @return {String} text"," * @api public"," */","Helpers.prototype.text = function text(element) {","  var ancestors = this.ancestor.length","    , content = element.data","    , next = element.next","    , prev = element.prev","    , space = this.config.loose ? ' ' : '';","","  //","  // Collapse space between text and inline elements, clobber space without","  // inline elements.","  //","  if (!ancestors) {","    content = compact(content.replace(","      ancestors ? /^[^\\S\\n]+/ : /^\\s+/,","      prev && this.isInline(prev) ? ' ' : space","    ).replace(","      ancestors ? /[^\\S\\n]+$/ : /\\s+$/,","      next && this.isInline(next) ? ' ' : space","    ));","  }","","  //","  // Remove CDATA from scripts.","  //","  if (!this.config.cdata && ancestors && this.isJS(this.ancestor[ancestors - 1])) {","    content = content.replace(/\\/*<!\\[CDATA\\[/g, '').replace(/\\/*\\]\\]>/g, '');","  }","","  return content;","};","","/**"," * Returned parsed comment or empty string if config.comments = true."," *"," * @param {Object} element"," * @return {String} comment"," * @api public"," */","Helpers.prototype.comment = function comment(element) {","  var cfg = this.config;","","  function io() {","    return '<!--' + compact(element.data, true).trim() + '-->';","  }","","  if (cfg.ssi && ~element.data.indexOf('#')) return io();","  if (cfg.conditionals && (~element.data.indexOf('[if')","      || ~element.data.indexOf('<![endif'))) return io();","  if (cfg.comments) return io();","","  return '';","};","","/**"," * Return parsed directive."," *"," * @param {Object} element"," * @return {String} comment"," * @api public"," */","Helpers.prototype.directive = function directive(element) {","  return '<' + element.data + '>';","};","","//","// Define some proxies for easy external reference.","//","Helpers.prototype.script = Helpers.prototype.tag;","Helpers.prototype.style = Helpers.prototype.tag;","","//","// Create public proxies.","//","module.exports = Helpers;",""],"l":{"6":1,"11":1,"37":1,"38":0,"39":0,"49":1,"50":0,"52":0,"53":0,"56":0,"66":1,"67":0,"72":0,"79":0,"91":1,"92":0,"103":1,"107":0,"109":0,"120":1,"121":0,"126":0,"127":0,"128":0,"129":0,"135":0,"136":0,"143":0,"149":0,"150":0,"151":0,"152":0,"158":0,"169":1,"170":0,"171":0,"182":1,"183":0,"185":0,"198":1,"199":0,"210":1,"211":0,"222":1,"223":0,"237":1,"238":0,"248":0,"249":0,"261":0,"262":0,"265":0,"275":1,"276":0,"278":1,"279":0,"282":0,"283":0,"284":0,"285":0,"287":0,"297":1,"298":0,"304":1,"305":1,"310":1}},"/home/travis/build/npmtest/node-npmtest-minimize/node_modules/minimize/lib/list.js":{"path":"/home/travis/build/npmtest/node-npmtest-minimize/node_modules/minimize/lib/list.js","s":{"1":1,"2":1,"3":1,"4":1,"5":1,"6":1},"b":{},"f":{},"fnMap":{},"statementMap":{"1":{"start":{"line":5,"column":0},"end":{"line":10,"column":2}},"2":{"start":{"line":15,"column":0},"end":{"line":18,"column":2}},"3":{"start":{"line":23,"column":0},"end":{"line":30,"column":2}},"4":{"start":{"line":35,"column":0},"end":{"line":35,"column":44}},"5":{"start":{"line":40,"column":0},"end":{"line":40,"column":51}},"6":{"start":{"line":46,"column":0},"end":{"line":164,"column":2}}},"branchMap":{},"code":["//","// List of inline elements, br is left out deliberatly so it is treated as block","// level element. Spaces around br elements are redundant.","//","exports.inline = [","  'a', 'abbr', 'b', 'bdo', 'button', 'cite',","  'code', 'dfn', 'em', 'i', 'img', 'input', 'kbd',","  'label', 'q', 's', 'samp', 'small', 'span', 'strong',","  'sub', 'sup', 'textarea', 'var'","];","","//","// List of singular elements, e.g. elements that have no closing tag.","//","exports.singular = [","  'area', 'base', 'br', 'col', 'command', 'embed', 'hr',","  'img', 'input', 'link', 'meta', 'param', 'source', 'wbr'","];","","//","// List of redundant attributes, e.g. boolean attributes that require no value.","//","exports.redundant = [","  'autofocus', 'disabled', 'multiple', 'required', 'readonly', 'hidden',","  'async', 'defer', 'formnovalidate', 'checked', 'scoped', 'reversed',","  'selected', 'autoplay', 'controls', 'loop', 'muted', 'seamless',","  'default', 'ismap', 'novalidate', 'open', 'typemustmatch', 'truespeed',","  'itemscope', 'autocomplete', 'download', 'draggable', 'novalidate',","  'sortable', 'spellcheck'","];","","//","// Elements that have special content, e.g. JS or CSS.","//","exports.node = [ 'tag', 'script', 'style' ];","","//","// Elements that require and should keep structure to their content.","//","exports.structural = [ 'pre', 'textarea', 'code' ];","","//","// Attribute table, global attributes like `hidden` and `id` are not","// included as these attributes require no additional checks.","//","exports.attributes = {","  'hidden': '*',","  'high': 'meter',","  'href': ['a', 'area', 'base', 'link'],","  'hreflang': ['a', 'area', 'link'],","  'http-equiv': 'meta',","  'icon': 'command',","  'id': '*',","  'ismap': 'img',","  'itemprop': '*',","  'itemscope': '*',","  'keytype': 'keygen',","  'kind': 'track',","  'label': 'track',","  'lang': '*',","  'language': 'script',","  'list': 'input',","  'loop': ['audio', 'bgsound', 'marquee', 'video'],","  'low': 'meter',","  'manifest': 'html',","  'max': ['input', 'meter', 'progress'],","  'maxlength': ['input', 'textarea'],","  'media': ['a', 'area', 'link', 'source', 'style'],","  'method': 'form',","  'min': ['input', 'meter'],","  'multiple': ['input', 'select'],","  'name': ['button', 'form', 'fieldset', 'iframe', 'input', 'keygen', 'object', 'output', 'select', 'textarea', 'map', 'meta', 'param'],","  'novalidate': 'form',","  'open': 'details',","  'optimum': 'meter',","  'pattern': 'input',","  'ping': ['a', 'area'],","  'placeholder': ['input', 'textarea'],","  'poster': 'video',","  'preload': ['audio', 'video'],","  'pubdate': 'time',","  'radiogroup': 'command',","  'readonly': ['input', 'textarea'],","  'rel': ['a', 'area', 'link'],","  'required': ['input', 'select', 'textarea'],","  'reversed': 'ol',","  'rows': 'textarea',","  'rowspan': ['td', 'th'],","  'sandbox': 'iframe',","  'spellcheck': '*',","  'scope': 'th',","  'scoped': 'style',","  'seamless': 'iframe',","  'selected': 'option',","  'shape': ['a', 'area'],","  'size': ['input', 'select'],","  'sizes': 'link',","  'span': ['col', 'colgroup'],","  'src': ['audio', 'embed', 'iframe', 'img', 'input', 'script', 'source', 'track', 'video'],","  'srcdoc': 'iframe',","  'srclang': 'track',","  'srcset': 'img',","  'start': 'ol',","  'step': 'input',","  'style': '*',","  'summary': 'table',","  'tabindex': '*',","  'target': ['a', 'area', 'base', 'form'],","  'title': '*',","  'type': ['button', 'input', 'command', 'embed', 'object', 'script', 'source', 'style', 'menu'],","  'usemap': ['img',  'input', 'object'],","  'value': ['button', 'option', 'input', 'li', 'meter', 'progress', 'param'],","  'width': ['canvas', 'embed', 'iframe', 'img', 'input', 'object', 'video'],","  'wrap': 'textarea',","  'border': ['img', 'object', 'table'],","  'buffered': ['audio', 'video'],","  'challenge': 'keygen',","  'charset': ['meta', 'script'],","  'checked': ['command', 'input'],","  'cite': ['blockquote', 'del', 'ins', 'q'],","  'class': '*',","  'code': 'applet',","  'codebase': 'applet',","  'color': ['basefont', 'font', 'hr'],","  'cols': 'textarea',","  'colspan': ['td', 'th'],","  'content': ['meta'],","  'contenteditable': '*',","  'contextmenu': '*',","  'controls': ['audio', 'video'],","  'coords': ['area'],","  'data': 'object',","  'datetime': ['del', 'ins', 'time'],","  'default': 'track',","  'defer': 'script',","  'dir': '*',","  'dirname': ['input', 'textarea'],","  'disabled': ['button', 'command', 'fieldset', 'input', 'keygen', 'optgroup', 'option', 'select', 'textarea'],","  'download': ['a', 'area'],","  'draggable': '*',","  'dropzone': '*',","  'enctype': 'form',","  'for': ['label', 'output'],","  'form': ['button', 'fieldset', 'input', 'keygen', 'label', 'meter', 'object', 'output', 'progress', 'select', 'textarea'],","  'formaction': ['input', 'button'],","  'headers': ['td', 'th'],","  'height': ['canvas', 'embed', 'iframe', 'img', 'input', 'object', 'video'],","  'accept': ['form', 'input'],","  'accept-charset': 'form',","  'accesskey': '*',","  'action': 'form',","  'align': ['applet', 'caption', 'col', 'colgroup',  'hr', 'iframe', 'img', 'table', 'tbody',  'td',  'tfoot' , 'th', 'thead', 'tr'],","  'alt': ['applet', 'area', 'img', 'input'],","  'async': 'script',","  'autocomplete': ['form', 'input'],","  'autofocus': ['button', 'input', 'keygen', 'select', 'textarea'],","  'autoplay': ['audio', 'video'],","  'autosave': 'input',","  'bgcolor': ['body', 'col', 'colgroup', 'marquee', 'table', 'tbody', 'tfoot', 'td', 'th', 'tr'],","  'draggable': '*',","  'novalidate': ['form'],","  'sortable': ['table'],","  'spellcheck': '*'","};"],"l":{"5":1,"15":1,"23":1,"35":1,"40":1,"46":1}}}